Başlangıç: 43/7130 Türkiye koordinat
Cache: 43
✗ 16 Roof: dışarıda (11.2472, 125.0011)
✗ 1850 Fava: dışarıda (44.4532, 9.2567)
İlerleme: 50/7130 - Türkiye: 43
✗ 404 Restaurant & Bar: dışarıda (-38.1826, 146.2786)
✗ 4 Bros Burger: dışarıda (-2.0648, -79.8935)
✗ 6oz Coffee: dışarıda (-33.8808, 151.2052)
✗ Abu Dabi Cafe: dışarıda (48.4330, 35.0442)
✗ Accra: dışarıda (5.5571, -0.2012)
İlerleme: 75/7130 - Türkiye: 43
✗ Adin Cafe & Restaurant: dışarıda (-30.7467, 152.9954)
✗ Adventure Park: dışarıda (-38.2093, 144.5141)
✗ Aila Restaurant: dışarıda (-17.7640, -63.1875)
İlerleme: 100/7130 - Türkiye: 43
İlerleme: 125/7130 - Türkiye: 43
İlerleme: 150/7130 - Türkiye: 43
İlerleme: 175/7130 - Türkiye: 43
✗ Ala Rahi Restoran: dışarıda (24.8693, 67.0780)
İlerleme: 200/7130 - Türkiye: 43
✓ Alesha Suite Hotel: 40.9593, 39.8498
✗ Alfred Cafe Restaurant: dışarıda (48.8933, 2.2463)
✓ Ali Baba: 36.8521, 30.6086
✓ Ali Haydar Usta: 40.9144, 29.3032
✓ Alley Dog: 39.1071, 26.5586
✗ Allgood: dışarıda (33.9120, -86.5094)
✓ Alsancak 1924: 38.4358, 27.1426
✗ Alter: dışarıda (50.5541, 15.1681)
İlerleme: 225/7130 - Türkiye: 48
✓ Altınsu: 37.3216, 44.5518
✗ Amarillo Bar: dışarıda (-37.8031, 144.9776)
✗ Amata: dışarıda (57.1966, 25.3458)
✗ Amphora Hotel: dışarıda (43.5023, 16.4824)
✓ Anatolia Cafe Restaurant Lounge: 37.9161, 41.1364
✓ Anda Barut Collection: 37.3728, 27.3273
✓ Angel Beach Hotel: 36.5268, 32.0481
✗ ANIA: dışarıda (41.9721, 9.2880)
✗ ANIA Coffee: dışarıda (12.2979, 109.2135)
✗ Anka Cafe: dışarıda (52.5376, 13.3736)
✗ Anka Garden: dışarıda (50.4353, 30.4732)
✗ Anka Lounge: dışarıda (50.4388, 30.4873)
✓ Ankara Sofrası: 39.9949, 32.8112
✗ Ankara Tava: dışarıda (40.6088, -73.9584)
İlerleme: 250/7130 - Türkiye: 53
✓ Antik Çınaraltı: 40.9008, 31.1555
✗ Antik Otel: dışarıda (50.0765, 14.4232)
✗ Antiochia Döner: dışarıda (48.4871, 8.5648)
✗ Antre No.4: dışarıda (19.4398, 75.1662)
✓ Anzelha Bağlıca: 39.9180, 32.6530
✗ Aperitivo: dışarıda (45.3102, -75.9096)
✗ Apollo Cafe & Bistro: dışarıda (7.1003, 125.6146)
İlerleme: 275/7130 - Türkiye: 55
[2026-05-04T14-28-35] Kaydedildi: 55 koordinat
İlerleme: 300/7130 - Türkiye: 55
İlerleme: 325/7130 - Türkiye: 55
İlerleme: 350/7130 - Türkiye: 55
İlerleme: 375/7130 - Türkiye: 55
İlerleme: 400/7130 - Türkiye: 55
✗ Arda Restaurant: dışarıda (53.5518, 9.9874)
✗ Aristocrazy: dışarıda (40.3399, -3.7341)
✗ Arma Restaurant: dışarıda (55.0718, 24.2837)
✗ Armes Hotel: dışarıda (45.5055, -73.5574)
✓ Armodies: 40.2654, 29.0531
✗ Aroma Cafe & Restaurant: dışarıda (34.1787, -118.6021)
İlerleme: 425/7130 - Türkiye: 56
✓ Artemis Restaurant Şirince: 37.9445, 27.4330
✓ Artemis Restoran: 37.0364, 27.4346
✗ Arya Lounge: dışarıda (51.6102, -0.0176)
✗ Asaka Sushi: dışarıda (32.3410, -97.4034)
✗ Asian Sora: dışarıda (18.8474, -97.0969)
✗ Asır Cafe & Restaurant: dışarıda (18.2879, 42.7253)
✓ Aşk Waffle: 41.0300, 28.8308
✓ Aslanboğa Kokoreç: 39.6670, 27.9046
✓ Aslanlı Bahçe: 37.1946, 36.5958
✗ Aslan Su: dışarıda (50.0923, 8.6077)
✓ Aslı Börek: 41.0083, 28.9673
✓ Asmani Restaurant: 36.8643, 30.7259
✓ Aspen Hotel: 41.0080, 28.9547
İlerleme: 450/7130 - Türkiye: 64
✓ Asuman Moda: 40.9837, 29.0265
✓ Ataç Konağı: 40.4618, 39.4724
✓ Atatürk Parkı: 36.9969, 35.3230
✗ Atelier Bakery: dışarıda (48.8277, 2.3152)
✓ Atelier Creme: 36.5432, 32.0009
✓ Atlas Oteli: 38.4246, 27.1377
✗ Atlas Pizza Cafe: dışarıda (34.0367, -5.0064)
✗ Atmosphera: dışarıda (45.8163, 15.8355)
✓ Aura Balat: 41.0268, 28.9577
✗ Avion: dışarıda (50.4126, 2.8344)
İlerleme: 475/7130 - Türkiye: 70
✓ Aydın Lounge: 37.8711, 27.2647
✓ Aygün Uzungöl: 40.6172, 40.2936
✓ Ayışığı: 35.9912, 36.1525
✓ Ayten Usta: 39.7825, 30.4864
✗ B16 Kafe & Nargile: dışarıda (37.9811, 23.7259)
✗ Babel Pub: dışarıda (35.7051, 139.6354)
✓ Babil Big Boss: 41.0114, 28.6436
İlerleme: 500/7130 - Türkiye: 75
✗ Back Street Cafe: dışarıda (34.0568, -78.8895)
✓ Back to Coffee Roaster: 40.9016, 29.1732
✗ Bad Habit: dışarıda (41.9186, -87.6899)
✓ Bagel I Manyak: 39.8965, 32.8575
✓ Bahadır: 41.2755, 33.7602
✓ Bahçe Cafe Restaurant: 41.0691, 29.0005
✗ Bakers Coffee: dışarıda (40.4472, -3.6754)
✗ Bakery Gluten Free: dışarıda (41.7333, 12.2740)
✓ Balıkçı Hasan İzmir: 38.4309, 27.1356
[2026-05-04T14-33-35] Kaydedildi: 80 koordinat
✓ Balkon Cafe Restaurant: 41.0436, 29.0029
İlerleme: 525/7130 - Türkiye: 81
✗ Balkon Kafe: dışarıda (52.3782, 4.9011)
✓ Baltalimanı Polisevi: 41.0991, 29.0537
✗ Bamboo Bar: dışarıda (6.8321, -5.2614)
✗ Bamm Garden: dışarıda (40.3730, -74.1460)
✗ Bams: dışarıda (56.9649, 24.1398)
✓ Baran Et Mangal: 41.0175, 28.9549
✓ Barbaros Aile Çay Bahçesi: 36.8852, 30.6872
✓ Barbaros Cafe: 41.0416, 29.0085
✗ Barmy: dışarıda (34.7860, 73.0908)
✓ Barnathan İstanbul: 41.0269, 28.9742
✗ Başka Ol: dışarıda (48.7080, 21.1822)
✗ Başkent Cafe: dışarıda (40.4105, 49.8144)
İlerleme: 550/7130 - Türkiye: 86
✓ Başkonuş Yaylası: 37.5672, 36.5822
✓ Batman Nacaroğlu: 37.9008, 41.1444
İlerleme: 575/7130 - Türkiye: 88
İlerleme: 600/7130 - Türkiye: 88
İlerleme: 625/7130 - Türkiye: 88
İlerleme: 650/7130 - Türkiye: 88
İlerleme: 675/7130 - Türkiye: 88
✓ Bayındır Restoran: 40.8894, 29.2635
✓ Bayramoğlu Resort Hotel: 40.7860, 29.3534
✓ Bazlama Kahvaltı Teşvikiye: 41.0491, 28.9952
✗ B Cafe Üniversite: dışarıda (47.2341, 6.0263)
✓ Beacon Coffee: 40.9610, 29.0767
✗ Beatrice: dışarıda (40.2664, -96.7474)
✓ Beeves Ataşehir: 40.9913, 29.1038
✗ Belfast Irish Pub: dışarıda (54.5969, -5.9405)
İlerleme: 700/7130 - Türkiye: 93
✗ BellBird: dışarıda (-32.8550, 151.3183)
✓ Bereket Büfe: 41.0190, 29.0200
✗ Bernard Coffee: dışarıda (49.8861, -119.4952)
✓ Beşiktaş Viyana Kahvesi: 41.0445, 29.0030
✓ Besler Köfte: 40.0839, 29.5096
✗ Best Time: dışarıda (49.8373, 24.0156)
✓ Beyaz Fırın Moda: 40.9834, 29.0237
✓ Beyaz Yalı: 40.8941, 29.2276
[2026-05-04T14-38-36] Kaydedildi: 98 koordinat
✓ Beykapı Kebap Kükürtlü: 40.2054, 29.0257
✓ Beykoz Çaycısı: 38.4569, 27.0988
İlerleme: 725/7130 - Türkiye: 100
✗ Beyoğlu Kafe: dışarıda (51.2009, 6.6904)
✓ Beyoğlu Şaraphanesi: 41.0344, 28.9765
✗ Beyond Beach: dışarıda (25.0464, 55.2433)
✗ Beyti 1945: dışarıda (55.6879, 12.5602)
✓ Beyti Florya: 40.9733, 28.7940
✓ Beyzade Kebap: 40.9876, 27.5785
✓ Beyzade Kebap Adana: 37.0448, 35.3090
✗ Bia Cafe: dışarıda (38.4775, -122.9977)
✓ Bi Çorba: 39.8678, 32.8575
✓ Big Boss Antioch: 36.3345, 36.2009
✗ Big Boss Lounge: dışarıda (41.4482, -81.6387)
İlerleme: 750/7130 - Türkiye: 106
✓ Big Mammas: 41.0102, 28.9089
✓ Big Stop: 36.8501, 30.6216
✓ Bi̇g Yellow Taxi̇ (Benzin): 40.2280, 28.9799
✓ Bi Nevi Deli: 41.0796, 29.0332
✓ BirBiçer: 40.9842, 29.1139
✓ Bi̇zbi̇ze Cafe & Pi̇zza: 37.3073, 44.5724
✓ Bizden Kafe: 36.7786, 34.5904
✓ Bizim Mahalle: 40.7623, 29.8492
✓ Bıçaksız Restoran: 40.1973, 28.9991
İlerleme: 775/7130 - Türkiye: 115
✗ Black Eagle: dışarıda (47.5259, -111.2780)
✗ Black Pearl: dışarıda (29.9395, -90.1317)
✗ Black Rose Coffee: dışarıda (25.2880, 51.5379)
✗ Blue Cafe: dışarıda (48.1696, 17.1685)
✗ Blue Port Hotel: dışarıda (32.0969, 34.7753)
✓ Boğaziçi Fırını: 41.3503, 41.3023
✓ Boğazköy Restoran: 35.2951, 33.2769
✓ Böğürtlen Konyaaltı: 36.8746, 30.6425
✗ Bohem: dışarıda (57.7377, 12.7662)
İlerleme: 800/7130 - Türkiye: 118
✗ boite: dışarıda (46.4923, 12.1784)
✗ Bolçi: dışarıda (54.3602, 22.8181)
✗ Boma Cafe: dışarıda (-6.8277, 39.2619)
✗ Boo Coffee: dışarıda (37.1724, 126.6170)
✓ Bosco Ankara: 39.8989, 32.8626
✗ Bos Kitchen: dışarıda (51.9405, 4.5082)
✓ Bosphorus Brewing Company: 41.0665, 29.0062
İlerleme: 825/7130 - Türkiye: 120
✗ Boss Cafe: dışarıda (-17.8006, 31.0352)
✓ Boston Drink&Dessert: 39.8919, 32.9307
İlerleme: 850/7130 - Türkiye: 121
✓ Boston Drink&Dessert - Balıkesir Bandırma: 40.3415, 27.9373
İlerleme: 875/7130 - Türkiye: 122
✓ Boston Drink&Dessert - İzmir Bergama: 39.0981, 27.1582
İlerleme: 900/7130 - Türkiye: 123
[2026-05-04T14-43-36] Kaydedildi: 123 koordinat
✓ Boston Drink&Dessert - Kütahya Merkez: 39.4250, 29.9875
İlerleme: 925/7130 - Türkiye: 124
✓ Boston Drink&Dessert - Uncubozköy Manisa: 38.6120, 27.3891
İlerleme: 950/7130 - Türkiye: 125
✓ Botanik Coffee: 37.0285, 35.2734
✗ Brasserie: dışarıda (43.7582, -0.1033)
✓ Brasserie Prime: 40.9679, 29.0668
✗ Bromo Street Food: dışarıda (-7.9077, 112.9482)
✗ Bronx & Midtown: dışarıda (40.9034, -73.8507)
✗ Bronx & Midtown: dışarıda (40.9034, -73.8507)
İlerleme: 975/7130 - Türkiye: 127
✓ Bu Kabile: 41.0191, 29.0177
✓ Buna Beti: 39.8544, 32.6470
✗ Bunch The Pub: dışarıda (51.4975, -0.1671)
✗ Buns: dışarıda (48.8874, 2.3873)
✗ Buona Vita: dışarıda (41.6574, -4.7095)
✓ Burgerdinho: 39.8154, 32.7258
✗ Burger Home: dışarıda (52.4885, 13.4537)
✓ Burger King Adana Güzelyalı: 37.0508, 35.2992
İlerleme: 1000/7130 - Türkiye: 131
✓ Burger King Adana Yüreğir: 36.9908, 35.3396
✓ Burger King Afyon Merkez: 38.7568, 30.5421
✓ Burger King Alanya Atatürk Caddesi: 36.4846, 32.1050
✓ Burger King Alanya Mahmutlar: 36.4861, 32.0986
İlerleme: 1025/7130 - Türkiye: 135
✓ Burger King Ankara 365: 39.9617, 32.8803
✓ Burger King Ankara Çayyolu: 39.8817, 32.6856
✓ Burger King Ankara Dikmen: 39.8732, 32.8330
İlerleme: 1050/7130 - Türkiye: 138
✓ Burger King Ankara Karanfil: 39.9172, 32.8553
✓ Burger King Ankara Ulus: 39.9408, 32.8551
İlerleme: 1075/7130 - Türkiye: 140
✓ Burger King Antalya Işıklar: 36.8808, 30.7086
✓ Burger King Antalya Konyaaltı Akdeniz Bulvarı: 36.8654, 30.6432
✓ Burger King Antalya Konyaaltı Liman Mah.: 36.8476, 30.6087
✓ Burger King Artvin Sarp: 41.4923, 41.5339
✓ Burger King Ataşehir Bulvarı: 38.4776, 27.0665
İlerleme: 1100/7130 - Türkiye: 145
✗ Burger King Atrium: dışarıda (3.1406, 101.7072)
✓ Burger King Avcılar Marmara Caddesi: 40.9812, 28.7220
✓ Burger King Aydınlıkevler: 39.9617, 32.8803
[2026-05-04T14-48-38] Kaydedildi: 147 koordinat
✓ Burger King Ayvalık Kipa Avm: 39.3279, 26.7133
✓ Burger King Bahçeşehir 3. Cadde: 41.0619, 28.6878
İlerleme: 1125/7130 - Türkiye: 149
✓ Burger King Beşiktaş: 41.0489, 29.0278
✓ Burger King Beşyüzevler: 41.0806, 28.8772
İlerleme: 1150/7130 - Türkiye: 151
✓ Burger King Bodrum Turgutreis: 37.0067, 27.2566
✓ Burger King Bolu Highway: 40.7222, 31.4665
✓ Burger King Bursa Görükle: 40.2273, 28.8454
✓ Burger King Bursa Nilüfer: 40.2125, 28.9885
İlerleme: 1175/7130 - Türkiye: 155
✓ Burger King Çağlayan: 41.0709, 28.9792
✓ Burger King Çapa: 41.0155, 28.9322
✓ Burger King Cebeci: 41.1078, 28.8618
İlerleme: 1200/7130 - Türkiye: 158
✓ Burger King Cumhuriyet: 39.9222, 32.8563
✓ Burger King Demetevler: 39.9620, 32.7701
✓ Burger King Denizli Pamukkale Kınıklı: 37.7465, 29.0929
✓ Burger King Derince: 40.7577, 29.8491
İlerleme: 1225/7130 - Türkiye: 162
✓ Burger King Diyarbakır Kayapınar Fırat Mah: 37.9405, 40.1298
✓ Burger King Düzce Kültür Mahallesi: 40.8407, 31.1530
✓ Burger King Emniyet Caddesi: 37.1718, 38.8111
İlerleme: 1250/7130 - Türkiye: 165
İlerleme: 1275/7130 - Türkiye: 165
✗ Burger King Forum: dışarıda (52.3687, 5.2190)
✓ Burger King Gazi Caddesi: 38.3238, 27.1327
✓ Burger King Gaziosmanpaşa: 41.0694, 28.9219
✓ Burger King Gölbaşı: 39.7829, 32.8118
İlerleme: 1300/7130 - Türkiye: 168
✓ Burger King - Görükle: 40.2273, 28.8454
[2026-05-04T14-53-39] Kaydedildi: 169 koordinat
✓ Burger King Gümbet: 37.0413, 27.4114
✓ Burger King Güzelyalı: 37.0508, 35.2992
✓ Burger King Hatay Dörtyol: 36.8365, 36.2205
✓ Burger King İnönü Caddesi: 38.4017, 27.1080
✓ Burger King İsmet Paşa Caddesi: 40.7969, 29.4336
✓ Burger King Isparta 112. Cadde: 37.7632, 30.5555
✓ Burger King İstanbul Acıbadem: 41.0010, 29.0551
İlerleme: 1325/7130 - Türkiye: 176
İlerleme: 1350/7130 - Türkiye: 176
✓ Burger King İstanbul Maslak 1453: 41.0535, 28.8316
İlerleme: 1375/7130 - Türkiye: 177
✓ Burger King İzmit Fethiye Caddesi: 40.7638, 29.9263
✓ Burger King İzmit Kocaeli: 40.7638, 29.9263
İlerleme: 1400/7130 - Türkiye: 179
✓ Burger King Kahramanmaraş Onikişubat: 37.5913, 36.8375
✓ Burger King Kamiloba: 41.0380, 28.4364
✓ Burger King Karşıyaka Çarşı: 38.4567, 27.1176
İlerleme: 1425/7130 - Türkiye: 182
✓ Burger King Kavacık: 41.0933, 29.0892
✓ Burger King Kenan Evren Bulvarı: 37.0360, 35.3072
✓ Burger King Kipa Avm: 40.7577, 29.8491
İlerleme: 1450/7130 - Türkiye: 185
✓ Burger King Kıbrıs Şehitleri: 38.4351, 27.1426
✓ Burger King Kırklareli Merkez: 41.7341, 27.2200
✓ Burger King Kocaeli 41 Burda Avm: 40.7566, 29.9461
✓ Burger King Konak Güzelyalı: 38.3994, 27.0785
✓ Burger King Konyaaltı Atatürk Bulvarı: 36.8764, 30.6443
İlerleme: 1475/7130 - Türkiye: 190
✓ Burger King Magnesia Avm: 38.9432, 27.8345
[2026-05-04T14-58-40] Kaydedildi: 191 koordinat
İlerleme: 1500/7130 - Türkiye: 191
✓ Burger King Manisa Novada Akhisar Avm: 38.9432, 27.8345
✓ Burger King Mersin Akdeniz: 36.7909, 34.6240
✓ Burger King Mersin Marina: 36.7706, 34.5689
İlerleme: 1525/7130 - Türkiye: 194
✗ Burger King Metro City: dışarıda (49.2841, -123.1143)
✓ Burger King Meydan: 36.3659, 30.2915
✓ Burger King Mimar Sinan Mahallesi: 41.0348, 28.8847
✓ Burger King Muğla Bodrum Çarşı: 37.0331, 27.4312
✓ Burger King Muğla Merkez: 37.2143, 28.3625
İlerleme: 1550/7130 - Türkiye: 198
✓ Burger King Niğde Merkez: 37.9636, 34.6665
✓ Burger King Ortaköy: 41.0489, 29.0278
✓ Burger King Özkanlar: 38.4608, 27.2015
İlerleme: 1575/7130 - Türkiye: 201
İlerleme: 1600/7130 - Türkiye: 201
✓ Burger King Şahinbey Yeditepe Mahallesi: 37.0342, 37.3194
✓ Burger King Sakarya Karasu: 41.1031, 30.7116
✓ Burger King Samsun Atakum: 41.3313, 36.2704
✓ Burger King Sarıyer: 41.2150, 29.0317
İlerleme: 1625/7130 - Türkiye: 205
✓ Burger King Selanik: 39.9199, 32.8563
✓ Burger King Şerifali: 40.9973, 29.1407
✓ Burger King Side: 36.7772, 31.3976
✓ Burger King Sirkeci: 41.0153, 28.9758
✓ Burger King Sırrı Paşa: 40.9846, 37.8800
İlerleme: 1650/7130 - Türkiye: 210
✓ Burger King Söğütözü: 39.9094, 32.7947
✓ Burger King Sultanbeyli: 40.9670, 29.2677
✓ Burger King Sultangazi: 41.1078, 28.8618
✓ Burger King Taksim: 41.0362, 28.9846
✓ Burger King Taşdelen: 39.8817, 32.6856
✗ Burger King Terme: dışarıda (44.0776, 6.1874)
İlerleme: 1675/7130 - Türkiye: 215
✓ Burger King Tunalı Hilmi: 39.9047, 32.8604
[2026-05-04T15-03-41] Kaydedildi: 216 koordinat
✓ Burger King Ümraniye Alemdağ: 41.0246, 29.0867
✓ Burger King Ümraniye Tepeüstü: 41.0174, 29.1350
İlerleme: 1700/7130 - Türkiye: 218
✗ Burger King West Park: dışarıda (37.2901, -79.9888)
✓ Burger King Yaşamkent: 39.8576, 32.6449
✓ Burger King Yeditepe: 37.0342, 37.3194
✓ Burger King Zafer: 37.7823, 30.5449
✓ Burger King Zekeriyaköy: 41.2150, 29.0317
İlerleme: 1725/7130 - Türkiye: 222
✓ Burger King Ziyapaşa: 36.9973, 35.3209
✓ Burger King Zonguldak Ereğli: 41.2837, 31.4129
✗ Burgers: dışarıda (47.3006, 9.4436)
✗ Burger Sound: dışarıda (49.5893, -125.0934)
✗ Burger Town: dışarıda (35.0492, -84.3044)
✗ Burhan Ekspress: dışarıda (40.2992, 69.6378)
✓ Bursa Kebapçısı - Tophane: 40.1862, 29.0574
✓ Bursa Mudanya İstasyon Sosyal Tesisleri: 40.3733, 28.8895
İlerleme: 1750/7130 - Türkiye: 226
✗ Cacao Factory: dışarıda (48.8689, 2.3469)
✓ Cacao Factory Co Manisa: 38.6161, 27.3977
✓ Cadde Kükürtlü: 36.7231, 28.7540
✓ Cadde Ocakbaşı: 40.9910, 29.1324
✓ Caddeüstü: 41.4035, 28.3839
✗ Cadı Cafe Bar: dışarıda (42.2568, 1.6187)
✓ Cadının Evi: 41.0853, 29.0086
İlerleme: 1775/7130 - Türkiye: 231
İlerleme: 1800/7130 - Türkiye: 231
✗ CAFE101: dışarıda (33.7124, 73.0377)
✗ CAFE 10.5: dışarıda (10.8366, 122.5588)
✓ Cafe 1453: 41.0178, 28.9289
✗ Cafe 24: dışarıda (59.4149, 17.9141)
✗ Cafe 380: dışarıda (10.8366, 122.5588)
✓ Cafe A Plus Altunizade: 41.0178, 29.0321
✗ Cafe Benne: dışarıda (40.8499, -73.9681)
✗ Cafe Botanica: dışarıda (-33.6734, 151.0324)
✗ Cafe De Amor: dışarıda (43.5929, -0.7470)
✗ Cafe De Burger: dışarıda (51.5800, 4.5883)
İlerleme: 1825/7130 - Türkiye: 233
✓ Cafe De Luca: 40.7633, 29.9331
✗ Cafe De Padre: dışarıda (7.0688, 125.6145)
✗ Cafe de Sofia: dışarıda (-2.9113, -78.9951)
✗ Cafe De Solis: dışarıda (9.3537, 2.6210)
✗ Cafe Duo: dışarıda (52.3492, 10.2437)
✗ Cafe Early: dışarıda (41.1526, -8.6178)
✗ Cafe Eren: dışarıda (55.6458, 12.6012)
✓ Cafe Hasbihal: 37.9188, 41.1435
✗ Cafe Home Restaurant: dışarıda (33.8976, 35.5249)
✗ Cafe Hub: dışarıda (51.8664, -2.2441)
✗ Cafe Jele: dışarıda (47.5664, 7.5759)
✓ CafeJOY: 40.7132, 29.9193
✓ Cafe Marina: 40.9847, 29.0347
İlerleme: 1850/7130 - Türkiye: 237
✗ Cafe Modern: dışarıda (32.7496, -97.3630)
✗ Cafe Nairobi: dışarıda (41.6418, -4.7135)
✗ Cafe Rea: dışarıda (45.7994, 15.9432)
✓ Cafe Şahane: 37.8995, 41.1232
✗ Cafe Setup: dışarıda (50.8707, 4.1765)
✗ Cafe Sheen: dışarıda (36.0635, 120.3797)
✗ Cafe ZenZero: dışarıda (41.8557, 12.5563)
✗ Caffel: dışarıda (33.9477, -118.0457)
✓ Çağrışan Et Mangal: 40.3016, 28.9393
✗ Cake & Bake: dışarıda (33.5280, 36.2329)
✗ CAKEWORLD: dışarıda (50.6272, 6.8152)
✓ Çakıl Beach: 36.8633, 30.6412
✗ Çakı Restoran: dışarıda (44.6658, 20.9210)
✓ Çakır Kahvaltı: 41.1103, 28.8589
İlerleme: 1875/7130 - Türkiye: 241
✗ Calypso: dışarıda (35.1538, -78.1053)
✓ Çamlı Kahve: 40.3934, 28.7925
[2026-05-04T15-08-42] Kaydedildi: 242 koordinat
✓ Çamlık Beyaz: 37.7523, 29.0855
✓ Çamlık Et Lokantası: 41.1117, 28.1124
✓ Çamlık Et Mangal: 41.3290, 27.9839
✓ Çamlı Restoran: 36.6741, 34.4093
✗ Candy Shop Cafe: dışarıda (36.7115, 3.0934)
✗ Canısı Kafe: dışarıda (52.4702, 13.4316)
✓ Çankaya Kafe: 36.7952, 34.6261
✗ Canteen: dışarıda (33.7912, -116.3596)
✗ Cantine Food: dışarıda (48.8959, 2.3157)
✗ Caps Burger: dışarıda (58.2092, -135.5803)
✗ Carafe: dışarıda (46.1722, 0.5172)
✗ Careme Restaurant: dışarıda (40.0356, -3.6067)
İlerleme: 1900/7130 - Türkiye: 247
✗ Carnival: dışarıda (44.6348, -123.3417)
✓ Carpouza Cafe: 37.9512, 27.3718
✓ Castelo Restaurant: 38.4369, 27.1445
✓ Çekirge Dürüm: 40.2020, 29.0226
✓ Çelik Palas Hotel: 40.1960, 29.0390
✓ Çengelköy Börekçisi - Çengelköy: 41.0951, 29.0975
✓ Cennetkuşu Kebap: 39.8799, 32.6878
✗ Central: dışarıda (14.6447, 121.0504)
İlerleme: 1925/7130 - Türkiye: 253
✓ Central 100. Yıl: 39.8932, 32.7958
✗ Central Bar: dışarıda (41.7333, 12.2832)
✓ Central Odtü Teknokent: 39.8967, 32.7737
✓ Çeşmeköy: 37.6539, 27.7279
✗ Chai Tea And Food: dışarıda (25.3504, 78.6411)
✗ Chapee: dışarıda (36.2690, 2.7618)
✓ Chef Börek: 41.0426, 28.8129
✗ Chef Cello: dışarıda (53.3273, -1.4884)
✗ Chicken Co: dışarıda (12.9757, 77.5750)
✗ Chigong: dışarıda (33.1390, 98.0271)
✗ China Sun: dışarıda (54.3795, 18.6072)
✗ China Wind: dışarıda (42.9868, -71.4461)
✓ Chinese & Sushi Express: 40.9300, 29.3073
İlerleme: 1950/7130 - Türkiye: 258
✓ Chocolabs: 40.9674, 29.0679
✓ Chocolabs - Ankara Atlantis: 39.9710, 32.7150
✓ Chocolabs - Ankara Bahçelievler: 39.7826, 32.8111
✓ Chocolabs Ankara Bahçelievler: 39.7826, 32.8111
İlerleme: 1975/7130 - Türkiye: 262
✓ Chocolabs - CaddeBostan: 40.9674, 29.0679
✓ Chocolabs - Fatsa: 41.0613, 37.4783
✓ Chocolabs - İstanbul Maltepe: 40.9271, 29.1232
✓ Chocolabs - İzmit: 40.7625, 29.9305
✓ Chocolabs - Kastamonu: 41.4283, 33.7761
✓ Chocolabs - Konya Meram: 37.8693, 32.4680
İlerleme: 2000/7130 - Türkiye: 268
✓ Chocolabs - Ordu: 41.0613, 37.4783
✓ Chocolabs - Trabzon: 40.9967, 39.7615
✓ Chocolabs - Uşak: 38.6667, 29.3994
✗ Chocolate And Coffee: dışarıda (37.5198, 15.0913)
✗ Chocolate Cafe Bistro: dışarıda (2.5060, 73.3080)
✓ Chops Cafe Pub: 41.0673, 29.0010
İlerleme: 2025/7130 - Türkiye: 272
✓ Cicala Ristorante: 39.8709, 32.7047
✓ Ciğerci Apo: 39.9091, 32.8178
✓ Ciğerci Bahattin Aksaray: 38.3692, 34.0200
✓ Ciğerci İbo: 37.9159, 40.2358
✓ Ciğerci Niyazi Usta: 41.6755, 26.5519
✓ Ciğergah - Özlüce: 40.2248, 28.9147
✓ Cihangir Pub: 40.2256, 28.9699
İlerleme: 2050/7130 - Türkiye: 279
İlerleme: 2075/7130 - Türkiye: 279
[2026-05-04T15-13-43] Kaydedildi: 279 koordinat
✓ Çilek Pastanesi - Manisa: 38.6319, 27.3831
✓ Çin Seddi: 39.8864, 32.8477
✗ City Cafe: dışarıda (51.5111, -0.0782)
✓ Çınaraltı Dürüm: 40.9373, 29.1217
✓ Çınaraltı Restoran: 41.6611, 26.5823
✓ Çınar Kafe: 38.9532, 26.8112
✓ Çıtır Kokoreç: 39.0197, 31.1527
İlerleme: 2100/7130 - Türkiye: 285
✗ Cnr Kite: dışarıda (-12.3742, 130.8541)
✓ Coco Karaköy: 41.0232, 28.9770
✓ Coffea Turkey: 40.7637, 29.9330
✓ Coffee De Madrid: 39.9220, 32.8515
✓ Coffeeshop Company Trabzon: 41.0055, 39.7326
✗ Coffee Talks: dışarıda (22.3228, 114.1709)
✗ Coffe HQ: dışarıda (45.6538, 11.3700)
✓ Coffe İstanbul: 41.0502, 29.0078
İlerleme: 2125/7130 - Türkiye: 291
✓ Cookpit: 40.9907, 39.7790
✗ Cook Point: dışarıda (41.0333, -73.5407)
✗ Coon Coffee: dışarıda (45.1854, -93.3131)
✗ Çöps: dışarıda (-21.6410, 148.7587)
✗ Çorbacı Restoran: dışarıda (48.2021, 16.3368)
✗ Cordelia Restaurant & Bar: dışarıda (47.4160, 8.5605)
✓ Corner Cafe Pub: 36.6861, 34.4439
✗ Corner Garden: dışarıda (52.7770, -1.2062)
✓ Coşkun Pansiyon Restaurant: 39.4870, 26.3421
✗ Costa Flamingo: dışarıda (20.6441, -105.2015)
✓ Cotto Gastro: 40.9607, 29.0747
✓ Cozy Gusto: 38.3277, 26.2977
İlerleme: 2150/7130 - Türkiye: 296
✗ Crepe Cafe: dışarıda (41.9761, -87.8678)
✓ Crowne Plaza İstanbul: 41.0099, 28.9575
✗ CRUNCH: dışarıda (19.3660, -99.1954)
✗ Cuenco: dışarıda (-36.5885, -64.2925)
✓ Cumhuriyet Restorant: 38.0892, 27.7322
✗ Cupcake House: dışarıda (10.6759, 122.9596)
✓ Cutie Cake: 41.0670, 29.0418
İlerleme: 2175/7130 - Türkiye: 299
✓ Damak Et Lokantası: 36.7574, 28.9362
✗ Dante Bar: dışarıda (43.0379, -98.1849)
✗ Dante Kitchen: dışarıda (42.4695, 14.2137)
✗ Dante Sushi: dışarıda (41.8918, 12.5033)
✓ Dayz Coffee: 40.9781, 29.0616
✗ D'CUP Coffee: dışarıda (50.1688, 3.2318)
✓ Defne Cafe: 36.2140, 36.1240
İlerleme: 2200/7130 - Türkiye: 302
✓ De La Pau: 40.9810, 29.1134
✗ Deli Kantin: dışarıda (3.6373, 98.7015)
✗ Della Pasta: dışarıda (47.4676, -0.5504)
✗ Demitasse Coffee: dışarıda (41.8696, -87.6537)
✓ Dem Moda: 40.9838, 29.0266
✓ Deniz Beach: 41.0843, 37.7780
✓ Denizköşkler Kahve: 40.9783, 28.7209
✓ Deniz Lounge: 39.8776, 32.6838
✓ Denizpark Cafe: 38.4527, 27.0972
✓ Dere Bahçe: 40.0324, 28.4210
✓ Dere Cafe: 38.3617, 27.2757
İlerleme: 2225/7130 - Türkiye: 310
✓ Develi 1912 Ankara: 39.9383, 32.8693
✓ Develi Ankara: 39.9383, 32.8693
✓ Didim: 37.3697, 27.2685
✓ Dikilitaş Restaurant: 39.1103, 39.5381
✓ Divan Brasserie Beyoğlu: 41.0319, 28.9765
✓ Divan  Brasserie Çankaya: 39.8977, 32.8636
✓ Divan Brasserie Kalamış: 40.9762, 29.0404
✓ Divan Lokanta: 37.3960, 41.3934
✓ Divan Pizza Pieza: 40.9763, 29.0405
İlerleme: 2250/7130 - Türkiye: 319
✓ Divan Pub Caddebostan: 40.9650, 29.0727
✓ Divan Pub Erenköy: 40.9650, 29.0727
✓ Divan Sports Cafe: 41.2051, 29.0733
✓ Diva Pastanesi: 39.9759, 32.9707
✓ Diyarbakır Kültür Evi: 37.9133, 40.2356
✓ Dobruca Sosyal Tesisleri: 40.1901, 29.0029
✗ DO Cafe: dışarıda (34.8926, 136.9133)
✗ Do Cafe Restoran: dışarıda (48.7082, 9.1704)
✓ Doğa Kafe: 36.9582, 34.8935
✓ Doğan Pastanesi Çanakkale: 40.1515, 26.4044
[2026-05-04T15-18-44] Kaydedildi: 327 koordinat
✗ Doğata: dışarıda (8.6379, -81.2677)
İlerleme: 2275/7130 - Türkiye: 327
✓ Dokuz Ondokuz: 40.9634, 29.0770
✓ Dolu Dolu: 41.0379, 26.7899
✓ Dolunay Cafe: 39.9191, 32.8286
✓ Dolunay Kahvecisi: 41.2181, 32.6646
✗ Döner Altı: dışarıda (52.5166, 13.3827)
✓ Dönerci Ali Usta: 40.9924, 28.8375
✓ Dönerci Ali Usta Maltepe: 40.9213, 29.1567
✓ Dörtyol Büfe: 40.7851, 29.6173
✓ Doruk Cafe Restaurant: 40.9433, 40.2637
✗ Double Royal Hotel: dışarıda (9.7686, 77.1028)
✗ Double Zero: dışarıda (42.3508, -71.0788)
✗ Douwe Egberts: dışarıda (52.0957, 5.0807)
✓ DOZZE YAKACIK: 40.9123, 29.2171
İlerleme: 2300/7130 - Türkiye: 336
✓ Draft Gastropub Kadıköy: 40.9997, 29.0385
✗ Dream&Cook: dışarıda (41.9824, -87.7745)
✗ Dreamer Park: dışarıda (29.6609, -82.3291)
✗ Dublin's Irish Pub: dışarıda (44.0118, -88.5860)
✓ Durmaz Döner: 41.1723, 27.4959
✓ Dürümce - Beşiktaş: 41.0417, 29.0083
✓ Dürümcü Dede: 38.3852, 27.1792
İlerleme: 2325/7130 - Türkiye: 340
✓ Efendioğlu Cağ Döner: 40.2247, 28.9808
✓ Efendi Restaurant: 36.1990, 29.6419
✓ Ege Restaurant: 37.1072, 27.2931
✓ eGZOZ: 41.0189, 28.9057
✓ Eker Oba Çiftlik: 40.8796, 26.9544
✓ Ekleristan Kocaeli: 40.7752, 29.8019
✓ Ekol Künefe: 40.9926, 29.0830
✗ Eko Pub: dışarıda (42.1793, 2.4842)
✓ Ekrem Coşkun Döner Ankara: 39.9698, 32.7247
İlerleme: 2350/7130 - Türkiye: 348
✓ Ekspres İnegöl Köftecisi: 40.9737, 29.0562
✓ Ekspres Sokak Lezzetleri: 37.0354, 27.4176
✓ Elazığ Doubletree By Hilton: 38.6743, 39.2180
✓ Elmalı Restaurant: 36.8875, 30.7053
✗ El Paso Taurus: dışarıda (31.8672, -106.4465)
İlerleme: 2375/7130 - Türkiye: 352
✗ Embers Lounge: dışarıda (42.2072, -83.3634)
✓ Emek Cafe: 41.0085, 28.9467
✓ Emek Mantı: 41.1189, 29.0675
✓ Emir Ocakbaşı: 40.8244, 35.6367
✗ Enjoy House: dışarıda (1.3137, 103.8282)
✗ Ephesus Mediterranean Restaurant: dışarıda (32.8895, -96.7717)
✓ Epope Beşiktaş: 41.0436, 29.0056
İlerleme: 2400/7130 - Türkiye: 356
✓ Eski Kafa: 41.0183, 28.9526
✓ Eski Meyhane: 36.7251, 27.6857
✓ Esmer Chef: 41.0155, 28.9759
✗ Esnaf: dışarıda (43.3484, 21.8851)
✓ Esnaf Alaçatı: 38.2327, 26.3658
✗ Espresso Garden: dışarıda (43.6510, -116.2850)
✓ EspressoPark: 37.8690, 32.4679
✓ Ethem Efendi Kahvaltı: 40.9717, 29.0606
✓ Ethem Et: 40.9722, 29.0740
✓ Etiler Lounge: 41.0799, 29.0328
✓ Etmanyak: 39.8965, 32.8561
✓ Etmanyak Farabi: 39.8965, 32.8561
İlerleme: 2425/7130 - Türkiye: 366
✗ Extra Cafe: dışarıda (42.3172, 69.5813)
✓ Ezgi Cafe: 39.9184, 32.8561
✗ Fabbs: dışarıda (45.8992, -72.5182)
✗ Fabien: dışarıda (38.0741, 23.7070)
✓ Factory Karaköy: 41.0236, 28.9777
✓ Falls in Galata: 41.0270, 28.9784
✗ Fames: dışarıda (52.3793, 4.8514)
✗ Family Resort: dışarıda (21.0495, 105.4220)
✓ Faruk Güllüoğlu: 41.0365, 28.9853
✓ Fatih Rumeli Cafe Restaurant: 41.0083, 28.9764
✗ Fauchon Paris: dışarıda (48.8703, 2.3237)
✗ Favino: dışarıda (40.1312, 15.9885)
İlerleme: 2450/7130 - Türkiye: 371
✓ Fayton Cafe: 38.6421, 34.7115
✗ Federal Ankara: dışarıda (-34.6500, -58.4978)
✓ Felicita Cafe: 40.9870, 29.0261
✓ Fener Restaurant: 41.0040, 28.9640
✓ Ferida Restaurant: 40.9641, 29.0757
✗ Feri Surf Club: dışarıda (-38.3800, 142.2431)
[2026-05-04T15-23-44] Kaydedildi: 375 koordinat
İlerleme: 2475/7130 - Türkiye: 375
✗ Filia: dışarıda (45.4086, 7.6970)
✓ Filibe Köftecisi: 41.0141, 28.9753
✗ Filtre: dışarıda (47.4729, -2.0533)
✓ Filtre Coffee Shop: 40.9674, 29.0880
✗ Finestra: dışarıda (44.0884, 10.1329)
✗ Finns Beach: dışarıda (-36.1097, 146.9335)
✓ Firuzende Galata: 41.0256, 28.9740
✓ Fiyeli Coffee: 41.0765, 29.0161
✓ Fıstıkçıoğlu Baklava: 36.2061, 36.1614
✗ Flan Bakery: dışarıda (50.9246, 4.7212)
✗ Flex Beach: dışarıda (32.9897, -117.2625)
✗ Flower Bar Cafe: dışarıda (50.0533, 19.9218)
İlerleme: 2500/7130 - Türkiye: 380
✓ Food in Box Konyaaltı: 36.8608, 30.6359
✓ Force Kalamış: 40.9706, 29.0386
✓ Forchetta Plus: 40.9923, 29.0285
✗ For Fun: dışarıda (52.2653, 20.9875)
✗ Fox Waffle: dışarıda (52.4380, -1.8472)
✗ Friendly Coffee: dışarıda (18.8073, 98.9709)
✓ FSM Artizan: 40.3540, 27.9722
✗ Fuda Otel: dışarıda (25.2872, 51.5470)
✗ Füme Restaurant: dışarıda (48.8614, 2.3448)
✓ Furkan Cafe: 41.0161, 28.9590
✓ Gabo Ankara: 39.9245, 32.8289
✗ GADA Cafe: dışarıda (37.7630, -122.4344)
İlerleme: 2525/7130 - Türkiye: 386
✓ Gala Kokoreç: 41.0144, 28.9748
✓ Galleria Vitavien İstiklal: 41.0308, 28.9758
✗ Garden 1897: dışarıda (41.6441, -102.3393)
✗ Garden Otel: dışarıda (45.8053, 15.9672)
✓ Garip Restaurant: 36.4895, 32.0981
✓ Gasto Nişantaşı: 41.0492, 28.9961
✓ Gaziantep Künefe: 37.0749, 37.3494
✓ Gelik: 40.8472, 32.9332
İlerleme: 2550/7130 - Türkiye: 392
✗ Gergedan: dışarıda (50.7647, 29.2436)
✓ Geyik Beer Cafe: 40.3555, 27.9706
✓ Geyik Cafe&Bistro: 39.8688, 32.7322
✓ Geylan Restaurant: 40.9017, 29.1733
✓ Gezgin Kafe: 40.6703, 29.9600
✓ Giant Stride: 36.2010, 29.6414
✗ Gils: dışarıda (51.5417, 4.9444)
✗ Gio Rooftop Restaurant: dışarıda (46.2042, 6.1470)
✗ Giotto: dışarıda (43.4577, 11.8869)
✓ Giritli Balık Restaurant: 40.3788, 28.8825
✓ Gizli Bahçe: 40.2046, 29.0227
İlerleme: 2575/7130 - Türkiye: 399
✗ Glenn: dışarıda (39.5913, -122.3779)
✗ Glow Chocolate: dışarıda (-40.6793, 172.6858)
İlerleme: 2600/7130 - Türkiye: 399
✓ Godiva Cafe Suadiye: 40.9604, 29.0799
✓ Göksu Cafe: 41.0773, 29.0757
✓ Göksu Lokantası: 39.9046, 32.8677
✓ Gölbaba: 37.4625, 29.2928
✗ Golden Wing: dışarıda (29.6811, -98.4677)
✓ Gölet Restaurant: 41.1361, 27.8826
✗ Göl Restoran: dışarıda (49.6007, 17.2475)
✓ Gorill Burger House: 39.7813, 30.5147
İlerleme: 2625/7130 - Türkiye: 405
✓ Görükle - Köfteci Yusuf: 40.2234, 28.8506
✓ Gözde Kebap: 37.8998, 41.1456
✓ Grand Ağa Hotel: 39.5572, 44.0770
✓ Granma Pub: 39.9153, 32.8572
✓ Granny's Waffles: 40.9819, 29.1318
✗ Green Beach: dışarıda (13.3634, 80.3384)
✗ Green Café Bistro: dışarıda (51.5043, -0.0612)
✗ Green Dreams: dışarıda (41.2881, 69.2487)
✗ Green Generation: dışarıda (40.7923, -73.9732)
✗ Green White: dışarıda (40.3785, -74.6427)
✗ GreenWich Hotel: dışarıda (41.6617, -71.4498)
✓ Griffin Bomonti: 41.0554, 28.9817
✓ Grillin Guys: 40.9629, 29.0766
✗ Grill Prime: dışarıda (0.0181, -51.0568)
✗ Grit Kitchen: dışarıda (59.3849, 13.4690)
İlerleme: 2650/7130 - Türkiye: 412
✓ Gülnar Gastronomi Konağı: 36.7990, 34.6299
✓ Gümüşsuyu Restoran: 41.0374, 28.9895
✓ Günaydın Et Antalya: 36.8480, 30.7628
✓ Güney Kebap: 38.6161, 27.4278
✓ Güney Restaurant: 41.0260, 28.9746
[2026-05-04T15-28-45] Kaydedildi: 417 koordinat
✓ Gurme Chef: 37.9500, 27.3710
✗ Guru Cafe: dışarıda (55.0755, 24.2766)
✗ Gusto Restaurant: dışarıda (47.9142, 106.9072)
✓ Güzelce Restoran: 40.9991, 28.5127
İlerleme: 2675/7130 - Türkiye: 419
✓ Hacıbaşar Kebap Ataşehir: 40.9833, 29.1065
✓ Hacı Bozan Oğulları Bakırköy: 40.9803, 28.8742
✓ Hacı Osman: 40.7757, 29.7463
✓ Hadiqa Cafe: 40.9963, 28.8727
✓ Hafız Mustafa 1864 Taksim: 41.0365, 28.9852
✓ Hafız Mustafa Taksim: 41.0365, 28.9852
İlerleme: 2700/7130 - Türkiye: 426
✓ Halil Gülçimen Aspava: 39.9648, 32.6445
✓ Hamam İnn Bar: 35.1249, 33.9413
✓ Hamdi Restoran: 41.0172, 28.9699
✓ Hamdi Restoran Eminönü: 41.0172, 28.9699
✓ Han Döner İskender: 36.2298, 36.1667
✓ Hanedan Et Restaurant: 41.0415, 29.0083
✗ Hanedan Restaurant: dışarıda (55.6729, 12.4539)
✗ Hangover Cafe Bar: dışarıda (42.0992, 19.0945)
✓ Hangover Sky: 39.7820, 30.5133
✗ Han Kebap: dışarıda (25.7812, -80.1325)
İlerleme: 2725/7130 - Türkiye: 433
✓ Hanzade Cafe & Restaurant: 38.2618, 28.0667
✗ Happy Bear: dışarıda (34.9870, -84.3713)
✓ Happy Moons: 41.0010, 29.0544
✓ Happy Moons Cafe: 41.0010, 29.0544
✗ Happy Purple: dışarıda (45.4520, -122.5157)
✓ Harem Kafe: 41.0407, 29.0016
✗ Harvey Burger: dışarıda (51.7690, 0.0919)
✓ Has Antepli Baklava: 36.3704, 30.2885
✗ Hashtag Coffee: dışarıda (22.2853, 114.1405)
✓ Hasır Restaurant Eskişehir: 39.7794, 30.4737
İlerleme: 2750/7130 - Türkiye: 439
✓ Hataydan Kafe: 36.7686, 34.5624
✗ Hausa: dışarıda (27.1110, -10.9714)
✓ Hazal Restaurant: 37.7792, 29.0622
✓ Hazal Restaurant Denizli: 37.7792, 29.0622
✓ HD İskender: 41.0460, 28.8975
✓ Hector Louis: 40.9813, 29.0234
✓ Hector Louis Coffee Kadıköy: 40.9639, 29.0754
✗ Hermes Pub: dışarıda (42.1737, 27.8494)
✓ Hexa Kafe Bandırma: 40.3407, 27.9490
İlerleme: 2775/7130 - Türkiye: 446
✗ Hi Bye: dışarıda (34.7432, -86.5679)
✓ Hi̇dden Restaurant: 41.1093, 29.0221
✓ Hilton Garden Inn Yalova: 40.6463, 29.2825
✓ Hippo French Tacos Bağlar: 39.7857, 30.5095
✓ Hit The Circle: 39.9074, 32.8584
İlerleme: 2800/7130 - Türkiye: 450
✗ HMD Restaurant & Cafe: dışarıda (24.4080, 54.4910)
✗ HOF Lounge: dışarıda (50.3181, 11.9143)
✓ Holiday Inn Express Manisa West: 38.6064, 27.3676
✗ Holiday Inn Express West: dışarıda (31.8029, -97.1021)
✗ Holy Pub: dışarıda (51.5218, -0.1040)
✗ Hookin: dışarıda (59.3451, -2.8823)
✓ House of B: 41.0426, 29.0025
✓ House of B Akaretler: 41.0426, 29.0025
✗ Hub Coffee: dışarıda (39.5219, -119.8221)
✗ Hubuş: dışarıda (53.0572, 21.5283)
✓ Hümaliva Çikolata: 40.9648, 29.0749
✓ Hungry Dog Pub: 38.3883, 27.1724
✗ Huqqa: dışarıda (48.8629, 2.3490)
İlerleme: 2825/7130 - Türkiye: 455
✓ Huqqa Bodrum: 37.1031, 27.2842
✓ Huqqa İstanbul Emirgan: 41.1071, 29.0574
✓ Huqqa İstanbul Kuruçeşme: 41.0558, 29.0348
✗ Hürrem Sultan Cafe: dışarıda (47.9051, 106.9114)
✓ İBB Haliç Sosyal Tesisleri: 41.0284, 28.9571
✗ İbis Restoran: dışarıda (48.4267, -4.4761)
✗ İbiza Beach & Bar: dışarıda (55.6822, 12.5822)
✗ Ice Cafe: dışarıda (52.5322, 13.4121)
✗ İda Restaurant: dışarıda (3.5504, 98.1235)
✓ IF Sokak Çayyolu: 39.8818, 32.6841
✓ IF Sokak Söğütözü: 39.9135, 32.8085
✓ IF Sokak Tunus: 39.9080, 32.8584
✓ İki̇nci̇ Bahar Ocakbaşı: 41.3929, 27.3557
İlerleme: 2850/7130 - Türkiye: 463
✓ IL FICO GELATO: 40.9799, 29.0529
[2026-05-04T15-33-46] Kaydedildi: 464 koordinat
✓ İnci Cafe: 40.7071, 30.1070
✗ Infinity Lounge: dışarıda (51.2824, 4.4210)
✗ INII'S: dışarıda (17.9456, 102.7170)
✓ İntiba Döner Kağıthane: 41.0835, 28.9773
✗ Irish Pub: dışarıda (48.8475, 2.3971)
İlerleme: 2875/7130 - Türkiye: 466
✓ İskender: 40.2319, 27.1728
✓ İskender - Nişantaşı: 41.0552, 28.9874
✓ İstanbul Börekçisi: 37.0382, 27.4163
✗ İstanbul Cafe: dışarıda (40.8475, -73.8674)
İlerleme: 2900/7130 - Türkiye: 469
✗ JackieO: dışarıda (-31.6425, -60.7054)
✗ Jafra: dışarıda (23.5630, 73.6625)
✗ Jass: dışarıda (51.0760, 17.0423)
✗ Jazz Bar: dışarıda (40.4126, -3.6960)
✓ J Burger: 40.9717, 29.0517
✗ Jele: dışarıda (42.8482, 20.2536)
✗ Jin Cafe Pub: dışarıda (-30.6045, -71.2029)
✗ Johnson's Bakery: dışarıda (-33.0267, -71.5707)
✓ Jön Lounge: 39.8713, 32.6813
✗ Joury Restaurant: dışarıda (33.9298, 35.5886)
✗ Joy Cafe Van: dışarıda (17.9583, 102.6284)
✗ Joy Point: dışarıda (79.7054, -71.8094)
✓ Jumbo Künefe: 40.9797, 29.1051
✓ Jumbo Künefe Başiskele: 40.7229, 29.9460
✓ Jumbo Künefe İzmit: 40.7229, 29.9460
✓ Jumbo Künefe Kartepe: 40.7435, 30.0505
✓ Jumbo Künefe Sapanca: 40.7435, 30.0505
İlerleme: 2925/7130 - Türkiye: 476
✗ Jungle Burger: dışarıda (42.6701, 23.2897)
✓ Junk Vegan: 39.9086, 32.8585
✗ Jün Taiwanese Kitchen: dışarıda (33.7347, -117.8128)
✓ Kabasakal: 39.5506, 36.8414
✓ Kabasakal Bostancı: 40.9533, 29.0952
✓ Kaburgacı Yaşar: 39.9416, 32.7176
✓ Kaçkar Restaurant: 41.0050, 28.9650
✓ Kadim Restaurant: 39.3368, 26.7034
✓ Kafenasanat: 41.0450, 29.0006
✓ Kafe Safahat - Düzce: 40.8534, 31.1648
İlerleme: 2950/7130 - Türkiye: 484
✓ Kafe Safahat - Uşak: 38.6718, 29.4251
✗ Kafes Cafe: dışarıda (40.7746, -7.0666)
✓ Kafka Cafe Bistro: 39.9815, 32.6476
✓ Kafkas: 40.0354, 32.8513
✓ Kahve Bahane: 39.8708, 32.7344
✓ Kahve Bulvarı: 36.9278, 34.8710
✓ Kahve Denizköşkler: 40.9783, 28.7209
İlerleme: 2975/7130 - Türkiye: 490
✓ Kahve Diyarı Bandırma: 40.3543, 27.9707
✓ Kahve Diyarı Batman: 37.9135, 41.1370
✓ Kahve Diyarı Kemalpaşa: 40.7642, 30.3610
✓ Kahve Diyarı Kordon: 38.4358, 27.1406
✓ Kahve Diyarı Samsun: 41.0757, 28.2443
✓ Kahve Diyarı Sığacık: 38.1914, 26.7851
✓ Kahve Dünyası - Acıbadem: 41.0007, 29.0545
✓ Kahve Dünyası - Adana Turgut Özal: 37.0485, 35.2983
✓ Kahve Dünyası - Akaretler: 41.0422, 29.0084
✓ Kahve Dünyası - Alanya: 36.5434, 32.0008
İlerleme: 3000/7130 - Türkiye: 500
İlerleme: 3025/7130 - Türkiye: 500
✓ Kahve Dünyası - Ankara 7. Cadde: 39.9189, 32.8273
✓ Kahve Dünyası - Ankara Uğur Mumcu: 39.8942, 32.8772
İlerleme: 3050/7130 - Türkiye: 502
[2026-05-04T15-38-47] Kaydedildi: 502 koordinat
✓ Kahve Dünyası - Bakırköy Ebuziya: 40.9756, 28.8753
✓ Kahve Dünyası Balıkesir: 39.5980, 26.9836
✓ Kahve Dünyası - Beylikdüzü Cumhuriyet Caddesi: 41.0112, 28.6443
✓ Kahve Dünyası - Bostancı: 40.9571, 29.0872
✓ Kahve Dünyası - Caddebostan: 40.9676, 29.0651
İlerleme: 3075/7130 - Türkiye: 507
✓ Kahve Dünyası - Göztepe: 40.9717, 29.0599
İlerleme: 3100/7130 - Türkiye: 508
✓ Kahve Dünyası- İzmir Alsancak: 38.4359, 27.1426
✓ Kahve Dünyası - İzmit: 40.7628, 29.9324
✓ Kahve Dünyası - İzmit Outlet Center: 40.7534, 29.9455
✓ Kahve Dünyası - Koşuyolu: 41.0096, 29.0415
✓ Kahve Dünyası - Levent: 41.0755, 29.0169
İlerleme: 3125/7130 - Türkiye: 513
✓ Kahve Dünyası - Metropol İstanbul: 40.9937, 29.1216
✓ Kahve Dünyası - Nişantaşı: 41.0518, 28.9925
✓ Kahve Dünyası - Suadiye: 40.9607, 29.0802
İlerleme: 3150/7130 - Türkiye: 516
✓ Kahve Dünyası - Trabzon Kemerkaya: 41.0055, 39.7287
✓ Kahve Dünyası - Yeşilköy: 40.9583, 28.8209
✓ Kahve Evi: 40.2206, 28.9723
✓ Kahve Kafalı: 38.4340, 27.1455
✗ Kahve Store: dışarıda (45.0518, 9.6898)
✓ Kaktüs Cafe: 37.0142, 37.8085
✓ Kaktüs Otel: 37.1193, 27.3898
✗ Kala Marina: dışarıda (43.3842, 16.5547)
İlerleme: 3175/7130 - Türkiye: 522
✓ Kaleiçi Meyhanesi Alanya: 36.8844, 30.7054
✗ Kale Kafe: dışarıda (25.6494, -100.3558)
✓ Kalenderoğlu Kebap: 39.8971, 32.6384
✓ Kalkan Suites: 36.2655, 29.4132
✗ Kalyan'n Cafe: dışarıda (13.0225, 77.6375)
✓ Kandemir Kafe: 38.4268, 27.1323
✓ Kandilli Pastanesi: 41.0734, 29.0586
✓ Karacadağ Pastanesi: 37.0024, 35.3683
✓ Karafırın Metropol: 40.9942, 29.1238
İlerleme: 3200/7130 - Türkiye: 529
✗ Kara Lounge Restaurant: dışarıda (42.4755, 59.6165)
✗ Kara Lounge Restaurant: dışarıda (42.4755, 59.6165)
✓ Kardeşler Fındık: 41.0530, 28.9235
✗ Kardias: dışarıda (40.4082, 21.7893)
✓ Karlıtepe Kule Restaurant: 41.1243, 29.1226
✓ Karlıtepe Kule Restoran: 41.1243, 29.1226
✓ Kars: 40.4558, 42.9980
✗ Kase No 16: dışarıda (-3.7341, 126.5942)
✓ Kaşıbeyaz Florya: 40.9773, 28.8031
✓ Kaşık Restoran: 40.7551, 30.3837
İlerleme: 3225/7130 - Türkiye: 535
✓ Katık Döner: 41.0136, 39.6037
✓ Katmerci Dayı: 37.0320, 35.3130
✓ Kaya Usta: 41.2799, 27.9810
✓ Kayhan Cafe: 39.1158, 27.1805
✗ K'Corner: dışarıda (48.8557, 2.3605)
✓ Kebapçı Hüseyin: 39.8888, 41.2639
✗ Kebap İstanbul: dışarıda (46.7950, 11.9312)
✓ Kebapname: 39.7651, 30.5018
✓ Kehribar Cafe: 37.8910, 41.1270
[2026-05-04T15-43-48] Kaydedildi: 542 koordinat
✓ Kekikli Bahçe Sarıbelen: 36.2607, 29.4709
İlerleme: 3250/7130 - Türkiye: 543
✓ Kelleci: 37.8054, 28.9023
✓ Kent Kafe Batman: 37.9020, 41.1326
✓ Kent Lokantası: 38.2975, 27.1681
✓ Keskin Fırın: 38.2894, 26.3832
✓ Kestel - Köfteci Yusuf: 40.1883, 29.2133
İlerleme: 3275/7130 - Türkiye: 548
İlerleme: 3300/7130 - Türkiye: 548
✓ KFC - Antalya Alanya: 36.8825, 30.6711
İlerleme: 3325/7130 - Türkiye: 549
İlerleme: 3350/7130 - Türkiye: 549
İlerleme: 3375/7130 - Türkiye: 549
✓ KFC - İstanbul Beylikdüzü: 41.0001, 28.6450
İlerleme: 3400/7130 - Türkiye: 550
İlerleme: 3425/7130 - Türkiye: 550
[2026-05-04T15-48-48] Kaydedildi: 550 koordinat
İlerleme: 3450/7130 - Türkiye: 550
İlerleme: 3475/7130 - Türkiye: 550
✓ KFC - İzmir Gaziemir: 38.3365, 27.1355
İlerleme: 3500/7130 - Türkiye: 551
İlerleme: 3525/7130 - Türkiye: 551
✗ KH CAFE RESTORAN: dışarıda (13.7251, 100.5215)
İlerleme: 3550/7130 - Türkiye: 551
✗ KimChi: dışarıda (48.8683, 2.3368)
✗ King Pizza: dışarıda (51.2142, 4.3981)
✓ Kiraz Bahçe: 41.0072, 29.1177
✓ Kirpi - Erenköy: 40.9655, 29.0719
✓ Kirpi - Koşuyolu: 41.0090, 29.0407
✓ Kirpi - Suadiye: 40.9603, 29.0811
✓ Kırçiçeği - Alsancak: 38.4370, 27.1431
✓ Kırıntı: 40.2874, 38.9959
✓ Klar Coffee Roastery: 40.9824, 29.0399
İlerleme: 3575/7130 - Türkiye: 558
✓ Klas Hotel: 41.0118, 28.9583
✓ Koçak Baklava: 37.0736, 37.3650
✓ Köftehor: 41.4387, 27.5853
✓ Köfte İstasyonu: 37.8716, 41.1677
✗ Kök Cafe Restaurant: dışarıda (42.0466, 75.6831)
İlerleme: 3600/7130 - Türkiye: 562
✓ Komagene - Ankara Çankaya Yaşamkent: 39.8577, 32.6361
✓ Komagene - Ankara Çankaya Yukarı Bahçelievler: 39.9176, 32.8277
✓ Komagene - Ankara Etimesgut Ahi Mesut: 39.9360, 32.6370
✓ Komagene - Ankara Etimesgut Atayurt: 39.8431, 32.5452
✓ Komagene - Ankara Gölbaşı Bahçelievler: 39.7887, 32.8098
✓ Komagene - Ankara Keçiören: 39.9826, 32.8514
İlerleme: 3625/7130 - Türkiye: 569
✓ Komagene - Ankara Keçiören Etlik: 39.9715, 32.8337
[2026-05-04T15-53-49] Kaydedildi: 570 koordinat
İlerleme: 3650/7130 - Türkiye: 570
✓ Komagene - Ankara Yenimahalle Demetevler: 39.9686, 32.7843
✓ Komagene - Ankara Yenimahalle Kentkoop: 39.9652, 32.7294
✓ Komagene - Antalya Kumluca: 36.3661, 30.2887
İlerleme: 3675/7130 - Türkiye: 574
✓ Komagene - Balıkesir Bandırma Nato: 40.3405, 27.9937
İlerleme: 3700/7130 - Türkiye: 575
✓ Komagene - Bursa Osmangazi: 40.1891, 29.0776
İlerleme: 3725/7130 - Türkiye: 577
✓ Komagene - Eskişehir Tepebaşı Yenibağlar: 39.7854, 30.5102
İlerleme: 3750/7130 - Türkiye: 578
✓ Komagene - İstanbul Bakırköy: 40.9872, 28.8725
✓ Komagene - İstanbul Bakırköy İncirli: 40.9872, 28.8725
İlerleme: 3775/7130 - Türkiye: 580
✓ Komagene - İstanbul Beylikdüzü: 40.9983, 28.6320
✓ Komagene - İstanbul Beylikdüzü Ihlamur: 40.9983, 28.6320
✓ Komagene - İstanbul Gökevler: 41.0230, 28.6349
✓ Komagene - İstanbul İçerenköy: 40.9760, 29.1232
✓ Komagene - İstanbul Kadıköy: 40.9699, 29.0864
✓ Komagene - İstanbul Kadıköy Merdivenköy: 40.9801, 29.0676
✓ Komagene - İstanbul Kozyatağı: 40.9710, 29.0972
✓ Komagene - İstanbul Küçükyalı: 40.9383, 29.1193
✓ Komagene - İstanbul Kurtköy: 40.9136, 29.2989
✓ Komagene - İstanbul Maltepe: 40.9291, 29.1426
İlerleme: 3800/7130 - Türkiye: 593
✓ Komagene - İstanbul Osmanağa: 40.9921, 29.0290
✓ Komagene - İstanbul Pendik: 40.8923, 29.2280
✓ Komagene - İstanbul Pendik Doğu: 40.8772, 29.2362
✓ Komagene - İstanbul Sancaktepe: 40.9717, 29.2381
✓ Komagene - İstanbul Sultanbeyli: 40.9722, 29.2487
✓ Komagene - İstanbul Topselvi: 40.8966, 29.2254
✓ Komagene - İstanbul Tuzla: 40.8295, 29.3106
✓ Komagene - İstanbul Tuzla Yayla: 40.8295, 29.3106
İlerleme: 3825/7130 - Türkiye: 601
✓ Komagene - İzmir Adatepe: 38.3860, 27.1836
✓ Komagene - İzmir Bergama: 39.1005, 27.1611
✓ Komagene - İzmir Buca Adatepe: 38.3860, 27.1836
[2026-05-04T15-58-50] Kaydedildi: 604 koordinat
✓ Komagene - İzmir Dikili: 39.0746, 26.8893
✓ Komagene - İzmir İzmir Dikili Salimbey: 39.0695, 26.8879
✓ Komagene - İzmir Karabağlar: 38.4013, 27.1049
İlerleme: 3850/7130 - Türkiye: 607
✓ Komagene - İzmir Karşıyaka Bostanlı: 38.4594, 27.1002
✓ Komagene - İzmir Konak Mithatpaşa: 38.4115, 27.1219
✓ Komagene - Kahramanmaraş Onikişubat: 37.5885, 36.8371
İlerleme: 3875/7130 - Türkiye: 610
✓ Komagene - Kocaeli Derince: 40.7677, 29.8419
İlerleme: 3900/7130 - Türkiye: 611
✓ Komagene - Kocaeli Gölcük: 40.7219, 29.7920
✓ Komagene - Kocaeli İzmit Alikahya: 40.7758, 29.9784
✓ Komagene - Kocaeli Kent Meydanı: 40.7650, 29.9331
İlerleme: 3925/7130 - Türkiye: 614
✓ Komagene - Manisa Yunusemre Uncubozköy: 38.6135, 27.3894
✓ Komagene - Mersin Mezitli Fatih: 36.7645, 34.5535
✓ Komagene - Muğla Fethiye Patlangıç: 36.6177, 29.1475
İlerleme: 3950/7130 - Türkiye: 617
✓ Komagene - Sakarya Adapazarı: 40.7764, 30.3908
✓ Komagene - Sakarya Şirinevler: 40.7552, 30.3836
✓ Komagene - Samsun Atakum Cumhuriyet: 41.3351, 36.2687
✓ Komagene - Samsun Atakum Mimar Sinan: 41.3243, 36.2950
İlerleme: 3975/7130 - Türkiye: 622
✓ Komagene - Şanlıurfa Karaköprü: 37.2189, 38.7681
✓ Komagene - Tekirdağ Çerkezköy: 41.2971, 28.0064
İlerleme: 4000/7130 - Türkiye: 624
✓ Komagene - Uşak Ünalan: 38.6740, 29.3991
✓ Komagene - Zonguldak Ereğli Bağlık: 41.2724, 31.4372
✓ Konak Cafe Kadıköy: 40.9869, 29.0263
✓ Konak İskender: 38.4358, 27.1428
✗ Konak Kahve: dışarıda (44.7980, 20.4644)
İlerleme: 4025/7130 - Türkiye: 628
✓ Konyalı Etli Etmek: 38.3925, 27.0975
✓ Konya Meram Kahve Dünyası: 37.8675, 32.4635
✗ Kore'de: dışarıda (52.4473, 13.2820)
✓ Korelee: 39.9098, 32.8589
[2026-05-04T16-03-51] Kaydedildi: 631 koordinat
✓ Köşebaşı Levent: 41.0846, 29.0138
✓ Köşk Garden: 39.8949, 32.8608
✗ Kosmos: dışarıda (52.5172, 13.4500)
✓ Kosmos Beşiktaş: 41.0418, 29.0043
✓ Köylü Cafe: 36.9900, 35.3254
İlerleme: 4050/7130 - Türkiye: 635
✗ Kozmos: dışarıda (48.1643, 17.1653)
✓ Kral Kokoreç: 41.0151, 28.9734
✓ Kral Künefe: 38.3256, 27.1317
✓ Kral Tantuni: 37.0330, 37.3190
✗ Kudüs Han: dışarıda (29.0431, 98.6106)
✓ Kule Pub: 40.9953, 28.9258
✗ KumKum: dışarıda (18.9652, 72.8189)
✗ Kün Kahve: dışarıda (48.8758, 2.3440)
✓ Kuş Sütü: 39.9046, 32.8530
✓ Kütük Ev Restoran: 39.7925, 36.9965
İlerleme: 4075/7130 - Türkiye: 641
✓ Kuytu Restoran: 41.0224, 28.9710
✗ Kuzey Cafeteria: dışarıda (18.0644, 32.1579)
✓ Kuzubeyi Zekeriyaköy: 41.2166, 29.0320
✗ La Boheme D'or: dışarıda (43.7087, -0.2643)
✗ La Cigale: dışarıda (48.8825, 2.3401)
✗ La Gioia: dışarıda (41.9478, 12.5506)
✗ Lalezar Restaurant: dışarıda (3.1603, 101.7299)
✗ La Lina Kitchen: dışarıda (38.6417, -75.6107)
✗ LA LUNA Beach Bar: dışarıda (-8.6292, 115.0942)
✗ Lamba Cafe: dışarıda (59.5982, 26.0870)
✗ La Mezze: dışarıda (40.7803, -73.7938)
İlerleme: 4100/7130 - Türkiye: 643
✗ La Paz Cafe: dışarıda (-6.1785, 35.7460)
✗ Lapis Lounge: dışarıda (52.9227, -1.2867)
✓ La Puerta Alsancak: 38.4392, 27.1462
✓ Lara Balık: 36.8569, 30.7408
✗ Lara Cafe: dışarıda (34.4405, 35.8386)
✓ La Salvia Hotel: 36.1931, 29.5956
✓ La Sirene Bebek: 41.0765, 29.0443
✓ Last Summer: 36.2652, 32.2897
✗ La Terrasse: dışarıda (45.3240, 5.9309)
✓ Lavantes Bistro: 38.7222, 35.5180
✗ Lavazza Cafe: dışarıda (40.7499, -73.8457)
İlerleme: 4125/7130 - Türkiye: 649
✗ La Veranda Villas: dışarıda (19.5157, -96.9207)
✗ L'Beirut Restaurant: dışarıda (57.3189, 12.1753)
✗ Leaf Co: dışarıda (3.1429, 101.6987)
✗ Le Dimanche: dışarıda (43.7494, 7.4290)
✗ Le Marin Restaurant: dışarıda (49.4207, 0.2327)
✗ Le Meil: dışarıda (44.8739, 4.4524)
✗ Le Mien: dışarıda (38.3438, -0.4828)
✗ Lemonde Cafe: dışarıda (25.2883, 51.5138)
✗ Lenny Restoran: dışarıda (39.0174, 1.5896)
✗ Leo Beach: dışarıda (34.0442, -118.9393)
✗ Leone: dışarıda (-14.3403, -170.7830)
İlerleme: 4150/7130 - Türkiye: 649
✓ Le Petit Pera: 41.0252, 28.9791
✗ Le Porte Restaurant: dışarıda (48.8744, 2.3076)
✗ Le provence: dışarıda (43.1197, 6.1236)
✗ Leticia: dışarıda (-3.5855, -70.0894)
✓ Lezzet Evi: 40.2032, 29.0071
✗ Lezzet Kebap: dışarıda (49.7915, 9.1613)
✓ Lezzet Steakhouse: 36.7015, 30.5693
✗ Light Garden: dışarıda (47.5268, 19.0492)
✗ Lily Cafe: dışarıda (35.6143, 139.5099)
✓ Liman İstanbul: 41.0668, 28.8281
✓ Limon Kafe: 36.7585, 34.5501
İlerleme: 4175/7130 - Türkiye: 654
✗ Line Out Cafe: dışarıda (34.5809, 135.6068)
✗ Lingo Lingo: dışarıda (38.6346, -75.1274)
✗ Lisburn Pub: dışarıda (42.8442, -2.7012)
✓ Litera Restaurant: 41.0323, 28.9779
✓ Liva Döner: 37.9009, 41.1341
✗ LOBBY Cafe Lounge: dışarıda (26.2238, 50.6091)
✗ Lobby Lounge Bar: dışarıda (-27.9909, 153.4274)
✓ Locale Ankara: 39.9073, 32.8586
✓ Locca Cafe Restaurant: 37.0765, 37.3504
✗ Lokal 71: dışarıda (51.6418, 9.4501)
✗ Lokal Lotus: dışarıda (46.0903, 19.6720)
✓ Lokanta 1741: 41.0107, 28.9754
✗ Lokma: dışarıda (42.1546, 21.1861)
✗ Lola Fast Food: dışarıda (52.4892, 13.3952)
İlerleme: 4200/7130 - Türkiye: 659
✗ Look: dışarıda (10.3058, 123.9465)
✗ Lookin Pub: dışarıda (39.7178, -105.0529)
✗ Loophole: dışarıda (-7.9411, -14.3631)
✓ Lou Cafe&Bistro: 39.8825, 32.6860
✗ Louise: dışarıda (49.1858, -98.8847)
✗ Loved: dışarıda (42.6608, 23.2752)
✗ Love Garden: dışarıda (10.3050, 11.1740)
✓ Love Garden Food Mood: 40.9996, 28.7642
✗ Loya: dışarıda (-0.0303, 27.7745)
✗ Lucca Lounge: dışarıda (53.5609, 10.0380)
İlerleme: 4225/7130 - Türkiye: 661
✗ Lucia Lounge: dışarıda (-27.4943, 152.9977)
✗ Lucky Duck: dışarıda (34.0122, -118.4664)
✓ Lucky Duck Manisa: 38.6162, 27.3983
✗ Lulus: dışarıda (3.4490, -76.5380)
[2026-05-04T16-08-51] Kaydedildi: 662 koordinat
✗ LUMA: dışarıda (-16.2466, -40.1712)
✗ Luna: dışarıda (42.1675, -0.9326)
✗ Luna Coffee Food: dışarıda (-16.4974, -68.1383)
✗ Luna Garden: dışarıda (39.2813, -76.5945)
✗ Luwi Restaurant: dışarıda (36.0665, 120.3724)
✗ Lux Cafe: dışarıda (55.7081, 37.6219)
✓ Maadra Vineyards: 39.3351, 26.9439
✓ Macera Park Bursa: 40.2509, 28.9850
✗ Macis: dışarıda (48.8540, 2.2692)
✓ Madamın Kahvesi: 40.9813, 29.0236
✗ Madam Niça: dışarıda (50.0601, 19.9289)
✓ Madenci - Atatürk: 39.8078, 27.2127
İlerleme: 4250/7130 - Türkiye: 666
✓ Mado Yenikent: 35.2021, 33.3216
✗ Magia Hotel: dışarıda (-27.6092, -48.4413)
✓ Magi Beach: 37.1157, 27.3009
✓ Magro Alsancak: 38.4347, 27.1393
✓ Mahir Lokantası: 41.0529, 28.9871
✓ Maki Uğur Mumcu: 37.0521, 35.2985
✗ Malt - Yalova: dışarıda (35.8964, 14.4631)
✗ Mamba Bar: dışarıda (40.5031, 22.9002)
İlerleme: 4275/7130 - Türkiye: 671
✗ Mangerie: dışarıda (48.8557, 2.3629)
✗ Manhattan Coffee: dışarıda (45.4198, -75.6957)
✓ Maqsad Lounge: 41.0799, 28.9276
✗ Marenda Cafe: dışarıda (47.4130, 9.7411)
✗ Marina Lounge: dışarıda (37.8007, -122.4387)
✗ Marina Restaurant: dışarıda (25.2646, 55.3207)
✓ Maritim Hotel & Beach & Bar: 36.7511, 31.4507
✓ Marma Hotel: 40.9575, 29.1816
✓ Marmara Adalar Belediyesi: 40.5860, 27.5553
✓ Marmaris Büfe: 40.9958, 29.0541
İlerleme: 4300/7130 - Türkiye: 676
✗ Marquise: dışarıda (50.8126, 1.6996)
✓ Masal Bahçe: 40.9986, 29.1004
✓ Masal Kafe: 41.1390, 27.8784
✗ Mascotte: dışarıda (28.5783, -81.8867)
✗ Mashinga: dışarıda (-28.5649, 29.8188)
✗ Matbakh: dışarıda (51.5222, -0.1191)
✗ Math: dışarıda (21.3929, 81.9029)
✗ Matters: dışarıda (39.3420, -82.1311)
✓ Matters Suadiye: 40.9602, 29.0792
✓ Mavi Bar Kaş: 36.1991, 29.6418
✗ Mavi Beach: dışarıda (-4.0276, 39.6719)
İlerleme: 4325/7130 - Türkiye: 680
✓ Mavi Yengeç: 38.4209, 27.1302
✓ Mavi Yıldız: 40.1754, 29.1707
✓ Maxeria Blue Didyma Hotel: 37.4170, 27.4182
✗ Maxwell Burger: dışarıda (13.0832, -59.5666)
✓ Maxx Royal Belek: 36.8492, 31.0713
✓ Maydos Restaurant: 40.1763, 26.3639
İlerleme: 4350/7130 - Türkiye: 685
İlerleme: 4375/7130 - Türkiye: 685
İlerleme: 4400/7130 - Türkiye: 685
İlerleme: 4425/7130 - Türkiye: 685
[2026-05-04T16-13-51] Kaydedildi: 685 koordinat
İlerleme: 4450/7130 - Türkiye: 685
İlerleme: 4475/7130 - Türkiye: 685
İlerleme: 4500/7130 - Türkiye: 685
İlerleme: 4525/7130 - Türkiye: 685
İlerleme: 4550/7130 - Türkiye: 685
İlerleme: 4575/7130 - Türkiye: 685
İlerleme: 4600/7130 - Türkiye: 685
✓ Meat Moot: 41.0484, 29.0280
✓ Mecidiye Kasrı Beykoz: 41.1379, 29.0815
✗ Medusa Beach Club: dışarıda (39.5069, 2.7515)
✗ Meet Point Cafe: dışarıda (27.6954, 85.3409)
✗ Mehmet Usta: dışarıda (51.8701, 4.4547)
✓ Mekan Cafe: 41.0231, 28.9609
İlerleme: 4625/7130 - Türkiye: 688
[2026-05-04T16-18-51] Kaydedildi: 688 koordinat
✗ Melita Cafe Restaurant: dışarıda (35.8966, 14.5114)
✓ Melodi Cafe: 38.6752, 39.2253
✗ Mel Town Hotel: dışarıda (-37.7987, 144.9805)
✗ Memati: dışarıda (40.4099, 49.8011)
✗ Menta Cafe: dışarıda (47.1915, 18.4108)
✓ Mera Chocolate: 40.8995, 31.1704
✗ Mercado: dışarıda (10.4405, -66.9261)
✓ Mercan Cafe İzmir: 38.4090, 27.0353
✓ Merhan Cafe Restaurant: 40.9601, 39.8475
✓ Merhan Cafe&Restaurant: 40.9601, 39.8475
✗ Meri & Zona: dışarıda (46.9041, 23.8114)
✗ Mermaid Beach Restaurant: dışarıda (-28.0448, 153.4347)
İlerleme: 4650/7130 - Türkiye: 693
✓ Meydan Pastanesi: 36.9832, 35.3030
✓ Meydan Restaurant Mersin: 41.0049, 39.7315
✗ Mezzaluna: dışarıda (45.6525, 10.2412)
✗ Mia Bella: dışarıda (52.4851, 13.3833)
✗ Mickey's: dışarıda (-36.9163, 174.8417)
✗ Midpoint: dışarıda (32.3459, -84.6875)
İlerleme: 4675/7130 - Türkiye: 695
✗ Midtown Premium: dışarıda (52.2162, 21.0226)
✓ Midyat Saklıbahçe: 37.4155, 41.3703
✗ Mihrimah Kahve: dışarıda (1.3031, 103.8592)
✓ Mikla Restaurant: 41.0311, 28.9740
✗ Milan Cafe: dışarıda (32.8858, 13.1753)
✓ Millocal: 38.6307, 34.8006
✓ Minister Pub: 39.9064, 32.8622
✗ Mint: dışarıda (34.7028, -112.5724)
✗ Mint Restaurant: dışarıda (13.7267, 100.5697)
✗ Mirano Ristorante Pizzeria: dışarıda (45.5197, 9.2266)
İlerleme: 4700/7130 - Türkiye: 699
✗ Miro Mara: dışarıda (-37.7200, 144.7296)
✗ Mişa Coffee: dışarıda (10.5223, 76.2195)
✓ Misbaşak 100. Yıl: 39.9668, 32.7470
✓ Misbaşak İlker: 39.8727, 32.8417
✓ Misbaşak Ostim: 39.9668, 32.7470
✓ Misbaşak Öveçler: 39.8906, 32.8292
✓ Misbaşak Sinan: 39.8792, 32.8424
✓ Misbaşak Yaşamkent: 39.8705, 32.6451
İlerleme: 4725/7130 - Türkiye: 705
✓ Miso Ramen: 41.0521, 28.9883
✓ MiThat Usta: 41.6755, 26.5519
✓ MOC Coffee Roastery Göcek: 36.7528, 28.9420
İlerleme: 4750/7130 - Türkiye: 708
✓ Moda Da Nata: 40.9860, 29.0273
✗ Moise: dışarıda (41.8939, 12.4934)
✗ MOJO CAFE: dışarıda (30.0185, 31.4124)
✗ Mojo House: dışarıda (18.7809, 98.9910)
✗ Mola Park: dışarıda (42.5110, 1.5391)
✗ Molino Hotel: dışarıda (14.4199, 120.9772)
✗ Molly Coffee: dışarıda (56.2749, 44.0467)
✗ Mom Haus: dışarıda (50.0211, 8.2235)
✗ Mom Haus: dışarıda (50.0211, 8.2235)
✗ Mona Cafe: dışarıda (15.5981, 32.5190)
İlerleme: 4775/7130 - Türkiye: 709
✗ Mon Monde: dışarıda (43.3437, 17.7995)
✗ MONS Chocolate: dışarıda (45.5030, -73.5714)
✓ Monstera Coffee Company: 41.0093, 29.0506
✗ Monte Air Cafe: dışarıda (46.2575, 6.9455)
✗ Moon Cafe: dışarıda (21.0132, 105.8318)
✗ Moon Coffee Bakery: dışarıda (44.8383, -0.5756)
✗ Moonlight Terrace Restaurant: dışarıda (34.2131, 133.8813)
✗ Moon Lounge: dışarıda (50.0549, 19.9482)
✗ Mori: dışarıda (45.8534, 10.9754)
✗ Morn: dışarıda (60.5386, 14.3456)
✗ Moss Lounge: dışarıda (43.6523, -79.3689)
✗ Motto Cafe Restoran: dışarıda (-33.6012, 26.8884)
İlerleme: 4800/7130 - Türkiye: 710
✓ Mox Hotel: 40.6900, 30.2551
✗ Mr Churros: dışarıda (59.3239, 18.0711)
✗ Mr Hat: dışarıda (17.3239, -15.9792)
✗ MŞ Royal Castle: dışarıda (11.1397, 77.0484)
✓ Mualla: 41.0691, 29.0089
✓ Mualla Çikolata: 36.8758, 30.6547
✗ Muezza Cafe: dışarıda (-0.9308, 100.3867)
✓ Muhabbet Cafe: 35.1429, 33.9145
[2026-05-04T16-23-52] Kaydedildi: 714 koordinat
✓ Muhtarın Yeri Kazancı: 40.1532, 29.3505
✓ Müjgan 100. Yıl: 39.8955, 32.7977
✓ Munchies Crepes & Pancakes: 40.9819, 29.0233
✗ Mundo Novo Cafe: dışarıda (-23.9255, -54.2946)
İlerleme: 4825/7130 - Türkiye: 717
✗ Muskat Bistro: dışarıda (23.6166, 58.4629)
✓ Müstesna: 37.9031, 32.4880
✓ Musti Fish Restaurant: 36.6848, 27.5725
✓ Mutlu Günler Fırını: 39.9716, 32.6533
✓ Müzeyyen: 39.8104, 29.7915
✗ My Bistro Cafe: dışarıda (50.0827, 14.4197)
✓ My Favorite Cafe: 40.9060, 29.1762
✗ My Little Pancakes: dışarıda (33.7430, -78.8229)
✗ Mystique Cafe: dışarıda (50.8567, 2.8856)
✓ Nacaroğlu Baklava: 37.8797, 41.1235
İlerleme: 4850/7130 - Türkiye: 723
✗ Naila Garden: dışarıda (-7.3430, 112.5938)
✗ Nakia: dışarıda (12.9584, 14.5454)
✗ Nano Brasserie: dışarıda (50.6314, 3.0082)
✗ Natsu: dışarıda (48.2042, 16.3468)
✗ N Dali: dışarıda (9.8623, 2.7191)
✓ Nebyan Doğal Kalamış: 40.9828, 29.0396
✓ Nelipide Gurme: 41.0031, 28.6378
✓ Nesh Cafe: 40.9972, 39.7620
✗ Neva Cafe: dışarıda (44.8388, -0.5792)
İlerleme: 4875/7130 - Türkiye: 726
✓ Nevmekan Selimiye: 41.0103, 29.0167
✗ Newcastle: dışarıda (54.9738, -1.6132)
✓ Newcastle 365 AVM: 39.8957, 32.7041
✓ Newcastle Galleria: 39.8957, 32.7041
✗ Newcastle Mesa: dışarıda (33.3623, -111.5919)
✗ New Season Restaurant: dışarıda (52.3755, 4.8986)
✗ New Stop: dışarıda (27.5786, 68.2237)
✓ NG Hotels: 36.6430, 30.5575
✗ Nias Coffee: dışarıda (-0.9615, 100.3630)
✓ Nido Dondurma: 40.9050, 29.2308
✗ Nihat Bey: dışarıda (40.3765, 49.9686)
✗ Nilia: dışarıda (-11.3396, -41.7452)
✗ Nissim Restaurant: dışarıda (32.0890, 34.7972)
İlerleme: 4900/7130 - Türkiye: 731
✗ Nissim Restaurant: dışarıda (32.0890, 34.7972)
✗ Nite: dışarıda (-11.7865, 15.6802)
✓ Niyokki Tepe Prime: 39.9087, 32.7552
✗ Niz: dışarıda (61.8819, 38.7584)
✓ N'Joy Lounge: 39.8807, 32.6835
✗ No 1 Cafe: dışarıda (51.5400, -0.0542)
✗ No 303 Coffee: dışarıda (0.1364, 36.2225)
✗ No39: dışarıda (42.8532, 76.9251)
✗ No75 Passage: dışarıda (51.8196, 4.6429)
İlerleme: 4925/7130 - Türkiye: 733
✗ Noemie: dışarıda (35.6710, 139.7052)
✓ Noir Cafe Kitchen: 40.3534, 27.9695
✓ Nona Lounge: 40.2266, 28.9801
✗ Nors: dışarıda (57.8263, 18.9658)
✗ North Irish: dışarıda (53.3483, -6.2480)
✗ North Pier's: dışarıda (40.0374, -74.1315)
✓ North Shield: 39.8938, 32.6799
✓ Nostalji Döner: 41.0119, 28.6542
✗ Nova Castle: dışarıda (47.0508, -53.9121)
✗ Nove Bulvar 216: dışarıda (44.9610, 34.1093)
✗ Nove Garden: dışarıda (-21.9366, -50.5215)
✓ Novo Restaurant: 36.9568, 30.6248
✓ Noww Anamur: 36.0705, 32.8353
✓ Noww Bursa: 40.2233, 28.9172
✓ Noww Yaşamkent: 39.8550, 32.6465
✗ Number One Cafe: dışarıda (51.5400, -0.0542)
✗ NumNum: dışarıda (9.9005, 123.1263)
İlerleme: 4950/7130 - Türkiye: 741
✗ Nur Restaurant: dışarıda (35.8033, 51.5202)
✓ Nusr Et Ankara: 39.8994, 32.8650
✓ Nusr Et Etiler: 41.0805, 29.0336
✓ Nusr Et Yalıkavak: 37.1056, 27.2820
✗ Nut Waffle: dışarıda (49.2348, 6.9929)
✗ O2 Cafe&Shisha: dışarıda (49.4931, 8.4608)
✗ Oblomov: dışarıda (52.4900, 13.4262)
✗ Ocean Bistro: dışarıda (-33.9763, 25.5934)
✗ Ocean Cafe Bistro: dışarıda (49.2998, -123.1312)
✓ OCTO Restaurant: 41.0241, 28.9792
✗ Od n Cafe: dışarıda (53.0191, 18.5806)
✗ Od n Restaurant: dışarıda (53.9351, 14.4555)
İlerleme: 4975/7130 - Türkiye: 745
✓ Od Urla: 38.3447, 26.7610
✓ Ogün +1: 40.9672, 29.0668
✗ Ohannes Pub: dışarıda (52.9317, -1.1262)
✗ Okka: dışarıda (59.4282, 28.0754)
✗ Ola Kala: dışarıda (48.1611, 11.5760)
✗ Olden 1545: dışarıda (40.2077, -74.7142)
✓ Olden 1772: 41.0149, 28.9741
✓ Old English Pub: 40.9623, 29.0763
✓ Oliva Cafe & Restaurant: 41.0178, 28.5877
✓ Olympos: 36.3950, 30.4736
✓ Onbaşılar Kebap: 37.0573, 35.3029
✗ Ondo Restoran: dışarıda (50.1124, 8.7064)
İlerleme: 5000/7130 - Türkiye: 753
✓ Onhann Gurme: 39.6504, 27.8683
✓ Onhann Hotel: 39.6568, 27.9061
[2026-05-04T16-28-53] Kaydedildi: 755 koordinat
✓ Ops Cafe: 41.0248, 28.9791
✓ Orbis Coffee: 40.9680, 29.0643
✓ Orhan'ın Yeri: 38.3979, 27.1491
✗ Orient: dışarıda (41.2030, -94.4166)
✓ Orkide Hotel: 41.0087, 28.9490
✓ Örnek Et: 41.0489, 37.6146
İlerleme: 5025/7130 - Türkiye: 760
✓ Ortaköy Kumpircisi: 36.8385, 28.7659
✓ Otantik: 41.0097, 28.9762
✓ Otantik Cafe: 37.0635, 37.3773
✓ Otantik Restaurant: 41.0097, 28.9762
✗ Otel Selina: dışarıda (41.8985, -87.6256)
✓ Otooto Sushi: 41.0505, 28.9890
✗ Ottoman Culture: dışarıda (10.7752, 106.7041)
✗ Over Foot Coffee: dışarıda (12.9776, 77.5724)
✗ Owl Coffee: dışarıda (47.0548, 21.9372)
✓ Oxford Coffee: 40.9648, 29.0886
✗ Oyster Restaurant: dışarıda (25.2704, 51.5208)
✓ Özdemiroğlu Baklava - Çekirge: 40.2019, 29.0239
✓ Öz Diyarbakır Sofrası: 41.3675, 36.2273
İlerleme: 5050/7130 - Türkiye: 768
✓ Özgen: 37.2366, 42.5270
✓ Özgen Kahve: 40.2248, 28.9667
✓ Özgen Mahalle: 40.9165, 40.0361
✓ Özikizler Künefe: 36.8516, 30.7576
✓ Özsüt: 41.0765, 29.0165
✓ Öztaylan Sütevi: 40.3553, 27.9705
✓ Öztürk Restoran: 40.9996, 28.9321
İlerleme: 5075/7130 - Türkiye: 775
✗ Paket Su: dışarıda (3.5466, 98.7198)
✓ Palegg: 40.9943, 29.0275
✗ Palmetto Restaurant: dışarıda (35.6169, 139.6600)
✗ Palm Hills: dışarıda (28.3868, 76.9802)
✗ Palm Lounge: dışarıda (52.4528, 13.4383)
✓ Panayır Kafe: 36.7658, 34.5577
✗ Paolina: dışarıda (41.4662, 14.8913)
✗ Papel+: dışarıda (12.6428, -83.9669)
✓ Paper Roasting Coffee: 38.3482, 38.2987
✗ Papillon: dışarıda (48.2402, -1.5341)
✗ Papirüs: dışarıda (52.1410, 21.0589)
✗ Pappel Cafe: dışarıda (53.0685, 8.7898)
✓ Paprika Beach: 39.4954, 26.9326
İlerleme: 5100/7130 - Türkiye: 779
✗ Paradise Cafe: dışarıda (37.9362, 23.6419)
✗ Paradox: dışarıda (43.8914, -73.6457)
✗ Parfe: dışarıda (55.1480, 61.3733)
✗ Paris Döner: dışarıda (52.5642, 13.3923)
✓ Park Ehlikeyf: 39.8702, 32.6822
✗ Parole Cafe: dışarıda (35.0240, 135.8607)
✗ Parole Cafe&Restaurant: dışarıda (38.9806, -76.5447)
✗ Parole Cafe&Restaurant: dışarıda (38.9806, -76.5447)
✓ Paşa Et Mangal: 41.0729, 28.8876
✓ Pasaport Pizza: 41.0057, 29.0840
İlerleme: 5125/7130 - Türkiye: 782
✗ Pastalia: dışarıda (43.6429, -79.4258)
✓ Patisserie Au Jardin: 38.6109, 27.3838
✓ Peçenek Döner: 39.9498, 32.8448
✓ Peçenek Döner İskitler: 39.9498, 32.8448
✓ PEKOM Ortaköy: 41.0497, 29.0294
✗ Pembe Köşk Restaurant: dışarıda (48.8167, 9.1712)
İlerleme: 5150/7130 - Türkiye: 786
✓ Penguen Coffee Roastery: 40.9607, 29.0793
✗ Pepper: dışarıda (39.1887, -80.1565)
✓ Pera Cafe: 41.0158, 28.9428
✗ Pera Gelato: dışarıda (42.0034, 12.3825)
✓ Pera Kitchen Cafe: 40.7698, 29.9691
✓ Peri Cafe: 38.6328, 34.8040
✗ Peride: dışarıda (45.7814, -1.1364)
✓ Perri Karaköy: 41.0242, 28.9726
✗ Petrov: dışarıda (49.8864, 14.4337)
✗ Phuket Garden: dışarıda (7.8483, 98.3462)
✗ Pia Vegas: dışarıda (36.2318, -115.3207)
✗ Piccolo Napoli: dışarıda (40.8365, 14.2466)
✓ PideBan Sarıyer: 41.1691, 29.0566
İlerleme: 5175/7130 - Türkiye: 792
✗ Pier Coffee House: dışarıda (56.9608, -2.2031)
✓ Pier Habib İstanbul: 41.0442, 29.0012
✗ Pieta: dışarıda (38.9266, -123.0553)
✗ Piknik Cafe: dışarıda (41.2428, 69.2769)
✓ Pilavcı Reşat: 41.0201, 28.9483
✓ Pilita Fırın: 41.3213, 27.9816
✓ Pilita Fırın Tekirdağ: 41.3213, 27.9816
✗ Pimlico Cafe: dışarıda (29.7584, -95.3986)
✗ Pine Coffee: dışarıda (16.4453, 120.5664)
✗ Pine Garden: dışarıda (51.7488, 19.5786)
✓ Piraye: 41.4075, 27.3524
✓ Pizzacı Altan Tunalı: 39.9092, 32.8613
✓ Pizzacı Sedat: 39.9197, 32.8300
✗ Pizzaco: dışarıda (7.9062, -72.4972)
✗ Pizza Da Gusto: dışarıda (42.1383, 12.3808)
✗ Pizza Express: dışarıda (51.6214, 0.3054)
✗ Pizza Il Forno: dışarıda (48.8542, 2.3390)
✓ Pizza Park Belek: 36.8598, 31.0662
İlerleme: 5200/7130 - Türkiye: 800
[2026-05-04T16-33-54] Kaydedildi: 800 koordinat
✗ Pizza Sapore: dışarıda (6.2110, -75.5003)
✗ Pizza Spezia: dışarıda (5.1670, -52.6436)
✓ PİZZA'S & PİDE'S: 40.0446, 26.3472
✓ Pizza V Fikirtepe: 40.9961, 29.0542
✓ Pizza V Küçükbakkalköy: 40.9859, 29.1203
✓ Pizza V Yahyakaptan: 40.7697, 29.9690
✗ Pizzeria Alla Torre: dışarıda (31.2159, 121.3846)
✗ Plan B Kafe: dışarıda (50.1011, 8.6390)
✗ Point Cafe: dışarıda (52.1764, 20.9930)
✗ Point Lounge: dışarıda (51.5623, 5.0929)
İlerleme: 5225/7130 - Türkiye: 804
✓ Polo Pastanesi: 41.0438, 28.9862
✗ Pool Pub: dışarıda (55.7081, 12.5227)
✓ Popeyes - 212 AVM: 36.7681, 34.5532
✓ Popeyes - 365 AVM: 36.7681, 34.5532
✓ Popeyes - Acıbadem: 41.0029, 29.0427
İlerleme: 5250/7130 - Türkiye: 808
İlerleme: 5275/7130 - Türkiye: 808
İlerleme: 5300/7130 - Türkiye: 808
✓ Popeyes - Burda AVM: 40.7565, 29.9462
✓ Popeyes - Bursa Görükle: 40.2269, 28.8447
İlerleme: 5325/7130 - Türkiye: 810
✗ Popeyes - City Center: dışarıda (40.7097, -74.0065)
✓ Popeyes - Cumhuriyet Caddesi: 38.4927, 43.3936
✓ Popeyes - Denizli Pamukkale Kınıklı: 37.7464, 29.0929
İlerleme: 5350/7130 - Türkiye: 812
✓ Popeyes - Hatay Dörtyol: 36.8365, 36.2204
İlerleme: 5375/7130 - Türkiye: 813
✓ Popeyes - İstanbul Bağcılar Merkez 675. Sok: 41.0340, 28.8580
[2026-05-04T16-38-54] Kaydedildi: 814 koordinat
İlerleme: 5400/7130 - Türkiye: 814
İlerleme: 5425/7130 - Türkiye: 814
✓ Popeyes - Kadıköy Halitağa Caddesi: 40.9922, 29.0291
İlerleme: 5450/7130 - Türkiye: 815
✓ Popeyes - Kocaeli İzmit Outlet Center Avm: 40.7565, 29.9462
✓ Popeyes - Manisa Novada Akhisar Avm: 38.9429, 27.8340
İlerleme: 5475/7130 - Türkiye: 817
İlerleme: 5500/7130 - Türkiye: 817
✓ Popeyes - Novada AVM: 38.9429, 27.8340
İlerleme: 5525/7130 - Türkiye: 818
✓ Popeyes - Sayapark AVM: 36.7681, 34.5532
İlerleme: 5550/7130 - Türkiye: 819
İlerleme: 5575/7130 - Türkiye: 819
✓ Porselano Cafe: 40.2261, 28.9165
✗ Port 35: dışarıda (33.8036, -116.4225)
✓ Portakal Cafe: 40.9738, 27.5106
✓ Poyraz Resort: 35.3658, 34.0758
✓ Poyraz Sahil Balık Restaurant: 41.2058, 29.1318
✗ PPANG: dışarıda (-6.8930, 107.6055)
[2026-05-04T16-43-56] Kaydedildi: 823 koordinat
✗ Premier Beach: dışarıda (3.9917, 73.5094)
✗ Prestij Restaurant: dışarıda (41.2722, 69.2075)
✗ Prime Sushi: dışarıda (37.2686, -121.9064)
✗ Pub Di Livorno: dışarıda (43.5477, 10.3295)
✗ PUBLIC co.: dışarıda (4.8063, -74.1051)
✗ Pum Restoran: dışarıda (47.2404, 6.0241)
✗ Qahwe: dışarıda (31.9501, 35.8843)
✗ QAVA: dışarıda (66.9544, -52.4014)
İlerleme: 5600/7130 - Türkiye: 823
✓ Quick China: 40.9941, 29.1230
✗ Quills Cafe: dışarıda (51.5300, -0.1165)
✗ Radison Blu Hotel: dışarıda (18.5534, 73.9379)
✓ Radisson Blu Hotel Diyarbakır: 37.9218, 40.1473
✗ Rakun: dışarıda (33.5005, 75.4780)
✓ Ramada Plaza Trabzon: 40.9856, 39.8172
✓ Ramada Resort Kazdağları: 39.6011, 26.8924
İlerleme: 5625/7130 - Türkiye: 827
✓ Ramazan Aydın: 37.2963, 39.7413
✓ Ramazan Usta: 36.5431, 31.9945
✗ Ramen Town: dışarıda (-33.8650, 151.2017)
✗ Rasa Cafe Restaurant: dışarıda (3.2029, 101.5462)
✗ Red Corner: dışarıda (-15.5188, 167.1620)
✗ Red Fries: dışarıda (52.2424, -113.8086)
✓ Reis Restaurant: 37.1075, 27.2931
✗ Reji 1572: dışarıda (2.5697, 30.8743)
İlerleme: 5650/7130 - Türkiye: 830
✗ Ren House: dışarıda (31.7745, 130.7047)
✗ Rest Cafe: dışarıda (32.6338, 51.6859)
✗ Rest Garden: dışarıda (22.3436, 114.1472)
✓ Restoran Meşe: 41.2621, 36.3677
✓ Ricco Nişantaşı: 41.0511, 28.9957
✗ R.I.P PUB: dışarıda (18.4990, 73.8192)
✗ Ristorante Fellini: dışarıda (17.9111, -62.8441)
✗ Ristorante Misto: dışarıda (51.5065, -0.1466)
✗ Ristorante Misto: dışarıda (51.5065, -0.1466)
✗ Ristorante Umberto: dışarıda (40.7184, -73.9976)
✗ Riv Pub: dışarıda (44.3802, -64.5216)
✗ Rixos Downtown: dışarıda (25.1923, 55.2824)
✓ Rixos Premium Belek: 36.8429, 31.0949
✓ Rıfkı Kafe: 40.9408, 29.1214
İlerleme: 5675/7130 - Türkiye: 834
✗ Roma Coffee: dışarıda (54.9842, -1.5817)
✗ Roof Palace: dışarıda (34.5561, 135.4979)
✗ Ros Beach: dışarıda (53.3401, -9.8838)
✗ Rose Cafe: dışarıda (51.5179, -0.1712)
✓ Rota Restaurant: 41.8834, 27.9927
✗ Ru Coffee Space: dışarıda (52.6064, 39.5775)
✗ Rue De Paris Patisserie: dışarıda (49.4158, 2.8225)
İlerleme: 5700/7130 - Türkiye: 835
✗ Ruma Restaurant: dışarıda (41.8987, 12.4709)
✓ Rumeli Pastanesi: 40.3534, 27.9705
✗ Sable Bakery: dışarıda (29.3116, 47.8635)
✗ Sabrosa: dışarıda (41.2664, -7.5758)
✓ Saca Ocakbaşı Ataşehir: 40.9938, 29.1026
✓ Saca Ocakbaşı Fenerbahçe: 40.9739, 29.0459
✓ Safahat Lokantası - Bursa: 40.2273, 29.0597
✓ Safahat Lokantası - Düzce: 40.8536, 31.1646
İlerleme: 5725/7130 - Türkiye: 840
✓ Safahat Lokantası - Eskişehir: 39.7844, 30.4979
✓ Safahat Lokantası - Özdilek Düzce Avm: 40.8536, 31.1646
✓ Şafak Restaurant: 41.0036, 28.9749
✗ Safir: dışarıda (43.2031, 5.4979)
İlerleme: 5750/7130 - Türkiye: 843
✓ Sagra 1936 Ordu: 40.9758, 37.9630
✓ Sagra 1936 Suadiye: 40.9582, 29.0846
✓ Sahil Lokantaları: 36.6251, 29.1251
✓ Sahil Park Cafe: 40.9800, 29.0249
✓ Şah Kebap: 39.7929, 32.8221
✗ Sake: dışarıda (-2.2247, 30.4071)
✗ Sake Wa Sushi: dışarıda (42.4929, -90.7120)
✓ Sakız Alsancak Restaurant: 38.4284, 27.1332
✓ Saklıbahçe Avcılar: 40.9759, 28.7203
✓ Sakura Kadıköy: 40.9857, 29.0237
✗ Saloon Cafe: dışarıda (15.2349, 104.8474)
✗ Salud Gastro Pub: dışarıda (28.4639, -16.2536)
İlerleme: 5775/7130 - Türkiye: 851
✗ Sankara: dışarıda (31.2833, 45.8500)
[2026-05-04T16-48-56] Kaydedildi: 851 koordinat
✓ San Simon Restobar: 36.4044, 30.4721
✗ Santos Coffee: dışarıda (32.7391, -117.1252)
✗ Sapore: dışarıda (48.8410, 2.2623)
✓ Saray Börekçisi: 40.1829, 29.0636
✓ Sarayburnu: 41.0156, 28.9864
✓ Sarayburnu Aile Çay Bahçesi: 41.0176, 28.9857
✓ Saraykapı Tava: 41.0160, 28.6494
✓ Saray Pizza: 36.5499, 31.9808
✓ Sarıgül Restaurant: 39.5165, 44.1249
İlerleme: 5800/7130 - Türkiye: 858
✓ Sarmaşık Cafe: 40.9961, 39.7613
✓ SASA Sapanca: 40.6930, 30.2823
✗ Şato Cafe: dışarıda (35.6686, 139.7529)
✓ Şato Restoran: 37.0631, 37.3569
İlerleme: 5825/7130 - Türkiye: 861
İlerleme: 5850/7130 - Türkiye: 861
İlerleme: 5875/7130 - Türkiye: 861
İlerleme: 5900/7130 - Türkiye: 861
İlerleme: 5925/7130 - Türkiye: 861
✓ S.Çalıkuşu: 35.2250, 33.2910
✗ Scarlet Cafe: dışarıda (38.0227, 23.7469)
✗ Sea Bar Wine: dışarıda (-23.5596, -46.6624)
✗ Sea Long Hotel - Beach: dışarıda (27.0903, 33.8503)
✗ Sea Resort Hotel: dışarıda (-23.5724, -47.5236)
✓ Seçkin Restaurant: 36.6217, 29.1121
✓ Sedef Cafe & Restaurant: 37.9435, 27.3415
✗ Şehri Adana: dışarıda (53.8647, 10.7220)
✗ Şehri Ala: dışarıda (32.5378, 44.4270)
✗ Şehri Üçel: dışarıda (40.1099, 65.3785)
İlerleme: 5950/7130 - Türkiye: 864
✓ Şelale Park Cafe: 36.5697, 32.0023
✓ Şelale Restaurant: 36.9164, 28.7973
✓ Selamlique: 41.0784, 29.0448
✓ Selçuklu Sofrası: 37.8754, 32.4914
✗ Sele Restaurant: dışarıda (50.1165, 14.4938)
✓ Sembol Künefe: 40.9911, 29.1359
✓ Sembol Ocakbaşı Ataşehir: 40.9865, 29.1375
✗ Sem's Burger: dışarıda (1.4417, 103.8246)
✓ Senfoni Restoran: 37.0629, 37.3483
✗ Senorita: dışarıda (55.6695, 12.5549)
✓ Senorita Chocolate: 39.9903, 32.6440
[2026-05-04T16-53-57] Kaydedildi: 872 koordinat
İlerleme: 5975/7130 - Türkiye: 872
✓ Sepetçioğlu Restaurant: 40.6034, 29.2701
✓ Seyir Cafe: 41.3525, 41.3081
✓ Seyir Cafe&Restaurant: 38.8084, 26.9796
✓ Şey Pub: 40.2106, 28.9995
✓ Seyr-i İstanbul: 41.0098, 28.9541
✗ Sherlock House: dışarıda (51.5201, -0.1558)
İlerleme: 6000/7130 - Türkiye: 877
✗ Sidera Restaurant: dışarıda (39.9632, 23.3809)
✗ Sierra Lounge: dışarıda (33.1414, -107.2506)
✗ Siesta: dışarıda (32.3045, -106.7587)
✗ Simera: dışarıda (22.0935, 75.7020)
✓ Simit Sarayı: 41.0362, 28.9845
✓ Şimşek Aspava: 39.9301, 32.8260
✓ Sinopia Mantı: 40.9760, 29.0498
İlerleme: 6025/7130 - Türkiye: 880
✗ Sirena Hotel: dışarıda (43.1781, 16.4241)
✓ Şirin Fırın: 41.0261, 28.9736
✓ Sisore: 41.0944, 29.0889
✓ Şivekar: 38.9230, 43.6509
✗ Sıralı Kebap: dışarıda (41.3168, 69.2440)
✓ Sıtkı Usta: 37.9475, 40.1797
✗ SK Pub: dışarıda (49.0809, 18.9300)
✓ Skull Street Food: 36.8563, 30.7441
✗ Smart Burger: dışarıda (49.8825, -97.3135)
✗ Smoky Lounge: dışarıda (51.5948, -0.1122)
✗ SO Bakery: dışarıda (32.0361, 118.7767)
✓ Sobe Cafe: 40.9948, 29.0295
İlerleme: 6050/7130 - Türkiye: 886
✗ Social Coffee: dışarıda (52.3642, 4.8980)
✗ Social Street: dışarıda (-37.8163, 144.6868)
✗ Soho Fries: dışarıda (22.2834, 114.1553)
✓ Sokak Sandviç: 38.4110, 27.1217
✗ Sold Out Burger: dışarıda (52.5646, 13.3268)
✓ Son Durak Büfe: 41.1634, 27.7887
✗ SOS Burger: dışarıda (18.4426, -66.1167)
✗ Souper: dışarıda (-32.9717, -71.5367)
✗ Spruce Coffee: dışarıda (41.3153, -72.9106)
İlerleme: 6075/7130 - Türkiye: 888
✗ Starbucks: dışarıda (44.8994, -91.9324)
✗ Statement Cafe: dışarıda (51.6192, -3.9406)
✗ Stereogun: dışarıda (39.7489, -8.8070)
✗ Strada: dışarıda (43.3973, 13.2189)
✗ Strong Burger: dışarıda (45.7703, 21.2105)
✓ Suat Usta Tantuni: 41.0347, 28.9829
✓ Subway - Altunizade: 41.0215, 29.0384
İlerleme: 6100/7130 - Türkiye: 890
✓ Subway - Antalya Konyaaltı Akdeniz Bulvarı: 36.8654, 30.6432
✓ Subway - Ataşehir: 40.9923, 29.1191
✓ Subway - Bahçelievler 7. Cadde: 39.9191, 32.8275
İlerleme: 6125/7130 - Türkiye: 893
✓ Subway - Caddebostan: 40.9649, 29.0637
✓ Subway - Dilovası: 40.7727, 29.5194
✓ Subway - İstanbul Ataşehir Bulvarı: 40.9923, 29.1191
İlerleme: 6150/7130 - Türkiye: 896
✓ Subway - İstanbul Mecidiyeköy: 41.0683, 28.9924
[2026-05-04T16-58-58] Kaydedildi: 897 koordinat
İlerleme: 6175/7130 - Türkiye: 897
İlerleme: 6200/7130 - Türkiye: 897
✓ Subway - Yaşamkent: 39.8581, 32.6454
✓ Subway - Yeşilköy: 40.9616, 28.8248
✓ Sudi Restoran: 40.9901, 29.1420
✗ Sugoi Sushi: dışarıda (48.5862, 7.7762)
✓ Sultan Cafe: 41.0085, 28.9374
✓ Sultan Kokoreç: 41.0252, 28.9411
✗ Sultans: dışarıda (51.5265, -0.0996)
✓ Sümbüllü Bahçe Konağı: 40.1867, 29.0583
İlerleme: 6225/7130 - Türkiye: 903
✓ Suna's Beach: 35.3503, 33.1793
✓ Sunset Grill Bar: 41.0640, 29.0330
✓ Sur Balık - Arnavutköy: 41.0673, 29.0437
✓ Sur Balık - Cihangir: 41.0304, 28.9834
✗ Surf Garden Cafe: dışarıda (43.4557, -3.7412)
✗ Sushi City: dışarıda (52.4527, 13.5762)
✓ SushiCo: 41.0785, 29.0116
✓ SushiCo - Alanya: 36.8499, 30.7614
İlerleme: 6250/7130 - Türkiye: 909
✓ SushiCo - Bahçeşehir: 41.0644, 28.6864
✓ SushiCo - Eskişehir Cassaba Modern: 39.7841, 30.4998
✓ SushiCo İzmir: 38.4285, 27.1367
✓ SushiCo - İzmir Alsancak: 38.4285, 27.1367
✓ SushiCo - İzmir Güzelbahçe: 38.3585, 26.8747
İlerleme: 6275/7130 - Türkiye: 914
✓ SushiCo - Kalamış: 40.9774, 29.0410
✓ SushiCo - Şaşkınbakkal: 40.9611, 29.0777
✓ SushiCo - Suadiye: 40.9569, 29.0875
✓ Sushi Days Beylikdüzü: 41.0023, 28.6324
İlerleme: 6300/7130 - Türkiye: 918
✗ Sushi House: dışarıda (48.8748, 2.3479)
✓ Sushimi Denizli: 37.7532, 29.0866
✓ Sushi Şems: 41.2804, 31.4207
✗ Sushi & Spice: dışarıda (27.8404, -82.7635)
✗ Sushi Station: dışarıda (-27.4513, 153.0598)
✗ Sushi Sumo: dışarıda (48.8802, 2.5858)
✓ Sushiwind: 40.9602, 28.8235
✓ Suvva Restaurant: 40.9929, 39.6502
✗ Sway Lounge: dışarıda (42.5518, -83.2179)
✗ Sweet Heaven: dışarıda (47.4918, 19.0362)
✗ Swivel: dışarıda (41.2610, -96.0231)
✓ Tabiat Cafe: 36.6921, 29.0683
✓ Tabipler Lokali: 40.1812, 29.0690
✓ Tadım Pide: 40.0078, 32.8761
İlerleme: 6325/7130 - Türkiye: 925
✗ Talk: dışarıda (35.6827, 139.6448)
✗ Tandır Cafe: dışarıda (42.3923, 59.6141)
✓ Taps Bebek: 41.0801, 29.0507
✓ Tarihi Beyoğlu Profiterol: 40.9237, 29.1363
✓ Tarihi Bilice Börekçisi: 41.1112, 29.0006
✓ Tarsusi Kafe: 36.7802, 34.6006
✓ Taş Fırın: 41.0860, 29.0049
✓ Tavacı Namık: 40.1979, 29.0980
✓ Tavacı Recep Usta: 40.9521, 29.0970
İlerleme: 6350/7130 - Türkiye: 932
✓ Tavuk Dünyası - 212 AVM: 36.7680, 34.5529
[2026-05-04T17-03-59] Kaydedildi: 933 koordinat
✓ Tavuk Dünyası - Alanya Atatürk Bulvarı: 36.5442, 31.9970
İlerleme: 6375/7130 - Türkiye: 934
✓ Tavuk Dünyası - Ankara 7. Cadde: 39.9195, 32.8270
İlerleme: 6400/7130 - Türkiye: 935
✓ Tavuk Dünyası - Bandırma Atatürk Caddesi: 40.3536, 27.9711
İlerleme: 6425/7130 - Türkiye: 936
İlerleme: 6450/7130 - Türkiye: 936
✓ Tavuk Dünyası - Eskişehir Tepebaşı Caddesi: 39.7834, 30.5116
İlerleme: 6475/7130 - Türkiye: 937
✓ Tavuk Dünyası - İstanbul Alemdağ Caddesi: 41.0258, 29.0957
✓ Tavuk Dünyası - İstanbul Gaziosmanpaşa: 41.0805, 28.8779
✓ Tavuk Dünyası - İstanbul Kadıköy Mühürdar: 40.9891, 29.0237
İlerleme: 6500/7130 - Türkiye: 940
✓ Tavuk Dünyası - İstanbul Kartal Turgut Özal Bulvarı: 40.8911, 29.1750
✓ Tavuk Dünyası - İstanbul Pendik Doğu Mahallesi: 40.8770, 29.2361
İlerleme: 6525/7130 - Türkiye: 942
✓ Tavuk Dünyası - Kars Ortakapı Mahallesi: 40.6080, 43.0978
✓ Tavuk Dünyası - Kıbrıs Girne Caddesi: 35.1789, 33.3613
İlerleme: 6550/7130 - Türkiye: 944
✓ Tavuk Dünyası - Lefkoşa Dereboyu: 35.1874, 33.3504
[2026-05-04T17-09-00] Kaydedildi: 945 koordinat
✓ Tavuk Dünyası - Magnesia AVM: 38.9435, 27.8343
İlerleme: 6575/7130 - Türkiye: 946
İlerleme: 6600/7130 - Türkiye: 946
✓ Tavuk Dünyası - Ordu Ünye: 41.1283, 37.2883
İlerleme: 6625/7130 - Türkiye: 947
✓ Tavuk Dünyası - Sayapark AVM: 36.7680, 34.5529
İlerleme: 6650/7130 - Türkiye: 948
✓ Tavuk Dünyası - Üsküdar Uncular: 41.0241, 29.0152
✓ Tavuk Dünyası - Van Bahçıvan Mahallesi: 38.4993, 43.3891
İlerleme: 6675/7130 - Türkiye: 950
✓ Teddy Hookah: 38.5105, 27.0374
✓ Tehroon Restaurant: 41.1134, 29.0222
✓ Tekke Restoran: 37.7299, 29.1679
✓ Telvee: 40.8696, 29.3213
✓ Teras Cafe: 41.0169, 28.9646
✓ Teras Kafe: 40.8656, 28.9933
✓ Teras Restaurant: 36.8812, 30.7041
✗ Terrace Cafe & Restaurant: dışarıda (-33.8070, 151.0054)
✓ Terrace Mercan: 40.8200, 29.2727
✓ Terradan Pub: 39.9013, 32.8575
İlerleme: 6700/7130 - Türkiye: 959
✗ Tesla Bistro: dışarıda (47.1737, 8.5214)
✗ Texas Saloon: dışarıda (29.4263, -98.4889)
✓ Tezgah: 38.7230, 36.0798
✗ Thalassa Otel: dışarıda (42.7239, 9.4570)
✓ Thales Kafe: 40.9869, 29.0276
✗ The 3 Burger: dışarıda (35.3990, -84.4441)
✗ The Burger: dışarıda (50.4411, 30.5211)
✗ The Coffee Station: dışarıda (55.7316, 12.5676)
✗ The Cool Pub: dışarıda (53.3913, -3.0203)
✓ The Doors Cafe: 40.2250, 28.8466
İlerleme: 6725/7130 - Türkiye: 962
✗ The Fi Lounge: dışarıda (42.6561, -73.7638)
✓ The House Cafe: 41.0474, 29.0254
✗ the Hunger: dışarıda (47.4993, 19.0665)
✓ the Hunger Metropol: 40.9938, 29.1229
✓ The İrish Pub Çankaya: 39.9072, 32.8586
✗ Thema Pub: dışarıda (43.3151, 21.8956)
✗ The Mare: dışarıda (51.8589, -5.1971)
✗ The Menu Restaurant: dışarıda (32.7885, -117.2376)
İlerleme: 6750/7130 - Türkiye: 965
✓ The North Shield: 40.2263, 28.9705
✓ The North Shield Pub: 41.1062, 28.9862
✗ The Punch Pub: dışarıda (51.5091, -0.1494)
✓ The Roof Kingdom Kitchen & Bar: 40.9639, 28.6575
✗ The Temple Irish Pub: dışarıda (40.4065, -3.6499)
✗ The Terrace Coffee & Restaurant: dışarıda (54.3529, -3.0598)
[2026-05-04T17-14-00] Kaydedildi: 968 koordinat
✓ Tike Beylerbeyi: 41.0443, 29.0443
✓ Tike Restoran: 41.0868, 29.0319
✓ Tike Suadiye: 40.9570, 29.0802
İlerleme: 6775/7130 - Türkiye: 971
✓ Tinca Tinca: 40.9833, 29.0239
✓ Tirilye Muhallebicisi: 40.3743, 28.8886
✓ Tiryaki Yeniköy: 41.1181, 29.0660
✗ Toast House: dışarıda (45.4860, 9.2061)
✗ To Be: dışarıda (50.4628, 30.5078)
✓ Todo Croissant: 39.8841, 32.8550
✗ Torcello: dışarıda (45.4971, 12.4153)
✗ Torch Restaurant: dışarıda (27.7283, -97.3700)
✓ Tost Garaj: 39.9157, 28.1599
İlerleme: 6800/7130 - Türkiye: 976
✗ Totem Pub: dışarıda (42.8476, -2.6740)
✓ Trabzon Balıkçım Restaurant: 41.0249, 39.5655
✓ Tribun Kafe: 36.7521, 34.5486
✓ Trilye: 40.3927, 28.7962
✓ Tunç Steak Restaurant: 41.3153, 27.9767
✓ Türkan Meyhane: 39.6794, 26.2648
✓ Turkish Sushi: 35.3305, 33.3252
✓ Turkuaz Cafe: 37.0616, 35.3519
✗ Twenty 20 Beach: dışarıda (29.9416, -81.3038)
İlerleme: 6825/7130 - Türkiye: 984
✓ Üçüncü Mekan: 41.1594, 28.8731
✓ Uğurlu Dükkan Sakarya: 40.6972, 30.2141
✓ Uludağ: 40.0705, 29.2220
✗ Ulysses NYC: dışarıda (40.7044, -74.0100)
✗ Unica: dışarıda (-14.0876, -75.7334)
İlerleme: 6850/7130 - Türkiye: 987
✗ Usta Et: dışarıda (40.9753, -5.6582)
✗ Usta Et i: dışarıda (40.9753, -5.6582)
✗ Ustalar Pide Salonu: dışarıda (49.4990, 8.4720)
İlerleme: 6875/7130 - Türkiye: 987
İlerleme: 6900/7130 - Türkiye: 987
✓ Ütopya Cafe: 41.1718, 29.6036
✓ UwUcado Coffee: 40.9545, 29.0978
✓ Uzay Pastanesi: 40.2261, 28.9715
✓ Uzay Pastanesi 23 Nisan: 40.2183, 28.9419
✓ Uzay Pastanesi Mudanya: 40.3823, 28.8722
✓ Uzay Pastanesi Nilüfer: 40.2261, 28.9715
İlerleme: 6925/7130 - Türkiye: 993
✓ Valens Cafe: 40.9866, 27.5367
✗ VALERİO: dışarıda (6.3215, -75.9031)
✓ Van Kahvaltı Sarayı: 41.2721, 28.0127
✓ Varuna Gezgin İstanbul: 41.0293, 28.9756
✗ Vega Lounge: dışarıda (10.4742, -66.9522)
✓ Vegan Food Cartel: 41.0350, 28.9833
✓ Venedik Pastanesi: 37.0356, 35.3141
✓ Venedik Pastanesi Ceyhan: 37.0209, 35.8206
İlerleme: 6950/7130 - Türkiye: 999
✗ Veracruz Chocolate: dışarıda (18.1526, -94.4189)
[2026-05-04T17-19-01] Kaydedildi: 999 koordinat
✓ Veziroğlu: 38.6702, 27.4728
✗ Viento: dışarıda (36.8401, -4.3542)
✗ Views Cafe: dışarıda (50.7123, -1.9862)
✗ Vigneron: dışarıda (44.4967, 0.1058)
✗ Viking Beach Club: dışarıda (33.8326, -118.1270)
✓ Vinni the Vegan Witch: 39.9014, 32.8550
✗ Vira: dışarıda (43.0515, 1.7585)
✓ Virginia Angus - Mercan: 41.0161, 28.9677
✗ Vision Pub: dışarıda (47.7843, 22.8491)
✗ Vita Bella: dışarıda (29.6934, -95.7820)
✗ Vita Longa: dışarıda (54.9129, 23.8946)
✗ Vitavien: dışarıda (48.2038, 16.3895)
✓ Vitavien Bahariye: 40.9877, 29.0284
İlerleme: 6975/7130 - Türkiye: 1003
✓ Vitavien Tünel: 41.0284, 28.9743
✓ Viyana Kahvesi: 41.0262, 28.9735
✓ Vonalı Celal: 41.1161, 37.7376
✓ Vosporos Cafe: 41.0047, 39.7294
✓ Voyage Torba: 37.0808, 27.4583
✗ Wabi Sabi: dışarıda (48.2625, -116.6168)
✓ Waffle Art: 40.1867, 29.0596
✓ Waffle Atölyesi: 38.4022, 27.1159
✗ Waffle Kitchen: dışarıda (54.9079, 8.3031)
✗ Waffle Mood: dışarıda (25.0546, 121.6060)
✗ Waycup Coffee: dışarıda (32.0704, 34.7735)
✗ Welldone: dışarıda (55.8053, 37.5854)
İlerleme: 7000/7130 - Türkiye: 1010
✗ Whatsapp Pub: dışarıda (-6.8914, 39.1915)
✗ White Beach: dışarıda (7.8153, 123.4477)
✗ Winners Sports Pub: dışarıda (47.5017, 19.0672)
✓ Wish More Hotel Bayrampaşa: 41.0489, 28.8995
✗ World Of Bakery: dışarıda (51.4852, -0.1825)
✗ Wyndham Grand: dışarıda (40.4417, -80.0064)
✓ Yağlar Kasap Restaurant: 37.0456, 35.2963
✓ Yalçın Restaurant Kayaköy: 36.5788, 29.0923
✓ Yalı Lounge: 36.7721, 31.3916
İlerleme: 7025/7130 - Türkiye: 1014
✓ Yavuz Pasta Cafe: 40.9478, 29.1070
✓ Yayla Market Cafe: 37.3546, 27.3184
✓ Yazı Tura Barcade: 41.0443, 29.0046
✓ Yektane: 36.7982, 34.5783
✓ Yemen Kahvesi Alanya: 36.8988, 30.7078
✓ Yengeç Restaurant: 36.5763, 29.1444
✓ Yeni Damla Pastanesi: 41.1222, 29.0703
✓ Yeniköy Sahil Kafe Restoran: 41.1173, 29.0656
İlerleme: 7050/7130 - Türkiye: 1022
✓ Yeşilbahçe: 37.1690, 35.8230
✓ Yeşilçam Kahve Evi: 41.0800, 28.9267
✓ Yıldırım Balaban - Köfteci Yusuf: 40.1777, 29.1527
✓ Yıldız Aspava: 40.9897, 29.1034
✓ Yıldızlar Restaurant: 41.0191, 28.9728
✓ Yöreden Kafe: 36.7758, 34.5795
✓ York Kadıköy: 40.9862, 29.0259
✗ Ysabel Restaurant: dışarıda (34.0887, -118.3618)
İlerleme: 7075/7130 - Türkiye: 1029
✗ Yummy Restoran: dışarıda (48.8471, 2.2597)
✓ Yunus Balık Restoran: 41.0189, 28.9721
✓ Zeplin Pub: 40.9746, 29.0535
✗ Zeppelin Pub: dışarıda (44.4399, 26.1101)
İlerleme: 7100/7130 - Türkiye: 1031
✗ Zeyyan Cafe: dışarıda (34.8448, 4.2938)
✗ Zi Bar: dışarıda (-34.5910, -58.3868)
✓ Ziyade Balık: 41.0691, 28.6666
✓ Ziyagil Konağı: 40.6523, 35.8294
İlerleme: 7125/7130 - Türkiye: 1033
✗ Zurich Pub: dışarıda (42.3487, -3.6960)

=== BİTTİ: 1033 Türkiye koordinat ===
