Starting 7168 restaurants with 100 concurrent requests...
Already have coords: 6
Need to process: 7162

Batch 1: processing 100 restaurants...
✓ 21 Masa: 41.0396547, 28.9632806
✓ 22.Cadde: 41.0745241, 28.7962648
✓ 360 Kule: 41.0587869, 29.0075608
✓ 3 Burger Kadıköy: 40.9665296, 29.069955
✓ Academy Cafe: 40.9625622, 29.1120881
✓ Ada Bakırköy: 40.9782389, 28.8263208
✓ Ada Kafe: 41.0086778, 29.1159263
✓ Adana İl Sınırı İstanbul: 40.9916111, 29.1046088
✓ Affan Ocakbaşı: 40.9765916, 29.0478166
✓ Aheste: 41.0291193, 28.9730776
✓ Akali: 41.0794786, 29.0313813
✓ Akasya Park: 41.0104674, 29.1262986
✓ Akın Restoran: 41.0253556, 28.9693897
✓ Aksi Acıbadem: 41.0007061, 29.0400973
✓ Aksi Cadde: 40.9742977, 29.0550525
✓ Aksi Lounge - Suadiye: 40.958078, 29.0851328
✓ Akveren: 40.9909738, 29.0251074
Progress: 106/7168 (1%)

Batch 2: processing 100 restaurants...
Progress: 206/7168 (3%)

Batch 3: processing 100 restaurants...
Progress: 306/7168 (4%)

Batch 4: processing 100 restaurants...
Progress: 406/7168 (6%)

Batch 5: processing 100 restaurants...
Progress: 506/7168 (7%)

Batch 6: processing 100 restaurants...
Progress: 606/7168 (8%)

Batch 7: processing 100 restaurants...
Progress: 706/7168 (10%)

Batch 8: processing 100 restaurants...
Progress: 806/7168 (11%)

Batch 9: processing 100 restaurants...
Progress: 906/7168 (13%)

Batch 10: processing 100 restaurants...
Progress: 1006/7168 (14%)

Batch 11: processing 100 restaurants...
Progress: 1106/7168 (15%)

Batch 12: processing 100 restaurants...
Progress: 1206/7168 (17%)

Batch 13: processing 100 restaurants...
Progress: 1306/7168 (18%)

Batch 14: processing 100 restaurants...
Progress: 1406/7168 (20%)

Batch 15: processing 100 restaurants...
Progress: 1506/7168 (21%)

Batch 16: processing 100 restaurants...
Progress: 1606/7168 (22%)

Batch 17: processing 100 restaurants...
Progress: 1706/7168 (24%)

Batch 18: processing 100 restaurants...
Progress: 1806/7168 (25%)

Batch 19: processing 100 restaurants...
Progress: 1906/7168 (27%)

Batch 20: processing 100 restaurants...
Progress: 2006/7168 (28%)

Batch 21: processing 100 restaurants...
Progress: 2106/7168 (29%)

Batch 22: processing 100 restaurants...
Progress: 2206/7168 (31%)

Batch 23: processing 100 restaurants...
Progress: 2306/7168 (32%)

Batch 24: processing 100 restaurants...
Progress: 2406/7168 (34%)

Batch 25: processing 100 restaurants...
Progress: 2506/7168 (35%)

Batch 26: processing 100 restaurants...
Progress: 2606/7168 (36%)

Batch 27: processing 100 restaurants...
Progress: 2706/7168 (38%)

Batch 28: processing 100 restaurants...
Progress: 2806/7168 (39%)

Batch 29: processing 100 restaurants...
Progress: 2906/7168 (41%)

Batch 30: processing 100 restaurants...
Progress: 3006/7168 (42%)

Batch 31: processing 100 restaurants...
Progress: 3106/7168 (43%)

Batch 32: processing 100 restaurants...
Progress: 3206/7168 (45%)

Batch 33: processing 100 restaurants...
Progress: 3306/7168 (46%)

Batch 34: processing 100 restaurants...
Progress: 3406/7168 (48%)

Batch 35: processing 100 restaurants...
Progress: 3506/7168 (49%)

Batch 36: processing 100 restaurants...
Progress: 3606/7168 (50%)

Batch 37: processing 100 restaurants...
Progress: 3706/7168 (52%)

Batch 38: processing 100 restaurants...
Progress: 3806/7168 (53%)

Batch 39: processing 100 restaurants...
Progress: 3906/7168 (54%)

Batch 40: processing 100 restaurants...
Progress: 4006/7168 (56%)

Batch 41: processing 100 restaurants...
Progress: 4106/7168 (57%)

Batch 42: processing 100 restaurants...
Progress: 4206/7168 (59%)

Batch 43: processing 100 restaurants...
Progress: 4306/7168 (60%)

Batch 44: processing 100 restaurants...
Progress: 4406/7168 (61%)

Batch 45: processing 100 restaurants...
Progress: 4506/7168 (63%)

Batch 46: processing 100 restaurants...
Progress: 4606/7168 (64%)

Batch 47: processing 100 restaurants...
Progress: 4706/7168 (66%)

Batch 48: processing 100 restaurants...
Progress: 4806/7168 (67%)

Batch 49: processing 100 restaurants...
Progress: 4906/7168 (68%)

Batch 50: processing 100 restaurants...
Progress: 5006/7168 (70%)

Batch 51: processing 100 restaurants...
Progress: 5106/7168 (71%)

Batch 52: processing 100 restaurants...
Progress: 5206/7168 (73%)

Batch 53: processing 100 restaurants...
Progress: 5306/7168 (74%)

Batch 54: processing 100 restaurants...
Progress: 5406/7168 (75%)

Batch 55: processing 100 restaurants...
Progress: 5506/7168 (77%)

Batch 56: processing 100 restaurants...
Progress: 5606/7168 (78%)

Batch 57: processing 100 restaurants...
Progress: 5706/7168 (80%)

Batch 58: processing 100 restaurants...
Progress: 5806/7168 (81%)

Batch 59: processing 100 restaurants...
Progress: 5906/7168 (82%)

Batch 60: processing 100 restaurants...
Progress: 6006/7168 (84%)

Batch 61: processing 100 restaurants...
Progress: 6106/7168 (85%)

Batch 62: processing 100 restaurants...
Progress: 6206/7168 (87%)

Batch 63: processing 100 restaurants...
Progress: 6306/7168 (88%)

Batch 64: processing 100 restaurants...
Progress: 6406/7168 (89%)

Batch 65: processing 100 restaurants...
Progress: 6506/7168 (91%)

Batch 66: processing 100 restaurants...
Progress: 6606/7168 (92%)

Batch 67: processing 100 restaurants...
Progress: 6706/7168 (94%)

Batch 68: processing 100 restaurants...
Progress: 6806/7168 (95%)

Batch 69: processing 100 restaurants...
Progress: 6906/7168 (96%)

Batch 70: processing 100 restaurants...
Progress: 7006/7168 (98%)

Batch 71: processing 100 restaurants...
Progress: 7106/7168 (99%)

Batch 72: processing 56 restaurants...
Progress: 7162/7168 (100%)


=== DONE ===
Found coords for 23 restaurants
Saved to verified_restaurants.json
